2013-11-24 21:06:27,913 [main] DEBUG - Strating SalesSystem with the Swing UI ..
2013-11-24 21:06:28,173 [main] INFO - 5 items loaded from disk
2013-11-24 21:06:28,179 [main] INFO - 1 clients loaded from disk
2013-11-24 21:06:28,193 [main] INFO - 8 Sales loaded from disk
2013-11-24 21:06:28,198 [main] WARN - [The JGoodies Windows Look and Feel - ? 2001-2006 JGoodies Karsten Lentzsch - com.jgoodies.looks.windows.WindowsLookAndFeel] not supported on this platform
2013-11-24 21:06:28,834 [main] INFO - SalesSystem started
2013-11-24 21:06:54,329 [AWT-EventQueue-0] INFO - New sale process started
2013-11-24 21:06:54,329 [AWT-EventQueue-0] INFO - New purchase started
2013-11-24 21:06:54,332 [AWT-EventQueue-0] INFO - 1 clients loaded from disk
2013-11-24 21:06:57,126 [AWT-EventQueue-0] INFO - Client Toomas with ID=1 got selected.
2013-11-24 21:07:01,844 [AWT-EventQueue-0] INFO - Checkout process cancelled
2013-11-24 21:07:10,394 [AWT-EventQueue-0] INFO - Checkout process cancelled
2013-11-24 21:07:21,183 [AWT-EventQueue-0] DEBUG - Added K?rsikud  quantity of 1
2013-11-24 21:07:25,807 [AWT-EventQueue-0] INFO - Checkout process cancelled
2013-11-24 21:07:28,586 [AWT-EventQueue-0] DEBUG - Added Layz kr?psud quantity of 1
2013-11-24 21:07:31,455 [AWT-EventQueue-0] DEBUG - Added kohv quantity of 1
2013-11-24 21:07:37,552 [AWT-EventQueue-0] INFO - Sale complete
2013-11-24 21:07:37,552 [AWT-EventQueue-0] DEBUG - Contents of the current basket:
Id	Name	Price	Quantity	Sum	
null	K?rsikud 	7.0	1	7.0	
null	Layz kr?psud	10.5	1	10.5	
null	kohv	19.0	1	19.0	

2013-11-24 21:07:50,851 [AWT-EventQueue-0] INFO - SalesSystem closed
