/*C3*/SET SCHEMA PUBLIC
CONNECT USER SA
SET AUTOCOMMIT FALSE
INSERT INTO SALE VALUES(14,'2013-11-24 14:09:16.400000000',1)
INSERT INTO SOLDITEM VALUES(19,14,2,'\u00d5lle vorstikesed',1,15.0)
DELETE FROM STOCKITEM WHERE ID=2
INSERT INTO STOCKITEM VALUES(2,'\u00d5lle vorstikesed',15.0,41,NULL)
COMMIT
DISCONNECT
/*C4*/SET SCHEMA PUBLIC
CONNECT USER SA
SET AUTOCOMMIT FALSE
INSERT INTO SALE VALUES(15,'2013-11-24 21:07:37.554000000',1)
INSERT INTO SOLDITEM VALUES(20,15,5,'kohv',1,19.0)
INSERT INTO SOLDITEM VALUES(21,15,1,'Layz kr\u00f5psud',1,10.5)
INSERT INTO SOLDITEM VALUES(22,15,4,'K\u00f5rsikud ',1,7.0)
DELETE FROM STOCKITEM WHERE ID=1
INSERT INTO STOCKITEM VALUES(1,'Layz kr\u00f5psud',10.5,95,NULL)
DELETE FROM STOCKITEM WHERE ID=4
INSERT INTO STOCKITEM VALUES(4,'K\u00f5rsikud ',7.0,29,NULL)
DELETE FROM STOCKITEM WHERE ID=5
INSERT INTO STOCKITEM VALUES(5,'kohv',19.0,19,'')
COMMIT
DISCONNECT
/*C5*/SET SCHEMA PUBLIC
CONNECT USER SA
SET AUTOCOMMIT FALSE
DISCONNECT
/*C6*/SET SCHEMA PUBLIC
CONNECT USER SA
SET AUTOCOMMIT FALSE
DISCONNECT
/*C7*/SET SCHEMA PUBLIC
CONNECT USER SA
SET AUTOCOMMIT FALSE
/*C8*/SET SCHEMA PUBLIC
CONNECT USER SA
SET AUTOCOMMIT FALSE
DISCONNECT
/*C7*/DISCONNECT
/*C9*/SET SCHEMA PUBLIC
CONNECT USER SA
SET AUTOCOMMIT FALSE
DISCONNECT
/*C10*/SET SCHEMA PUBLIC
CONNECT USER SA
SET AUTOCOMMIT FALSE
INSERT INTO SALE VALUES(16,'2013-11-24 22:32:31.174000000',1)
INSERT INTO SOLDITEM VALUES(23,16,1,'Layz kr\u00f5psud',1,10.5)
INSERT INTO SOLDITEM VALUES(24,16,3,'P\u00e4hklid',1,10.0)
DELETE FROM STOCKITEM WHERE ID=1
INSERT INTO STOCKITEM VALUES(1,'Layz kr\u00f5psud',10.5,94,NULL)
DELETE FROM STOCKITEM WHERE ID=3
INSERT INTO STOCKITEM VALUES(3,'P\u00e4hklid',10.0,59,NULL)
COMMIT
INSERT INTO SALE VALUES(17,'2013-11-24 22:32:52.884000000',1)
INSERT INTO SOLDITEM VALUES(25,17,1,'Layz kr\u00f5psud',20,10.5)
DELETE FROM STOCKITEM WHERE ID=1
INSERT INTO STOCKITEM VALUES(1,'Layz kr\u00f5psud',10.5,74,NULL)
COMMIT
INSERT INTO SALE VALUES(18,'2013-11-24 22:33:28.693000000',1)
INSERT INTO SOLDITEM VALUES(26,18,5,'kohv',19,19.0)
DELETE FROM STOCKITEM WHERE ID=5
INSERT INTO STOCKITEM VALUES(5,'kohv',19.0,0,'')
COMMIT
DISCONNECT
/*C11*/SET SCHEMA PUBLIC
CONNECT USER SA
SET AUTOCOMMIT FALSE
DISCONNECT
/*C12*/SET SCHEMA PUBLIC
CONNECT USER SA
SET AUTOCOMMIT FALSE
DISCONNECT
/*C13*/SET SCHEMA PUBLIC
CONNECT USER SA
SET AUTOCOMMIT FALSE
DISCONNECT
/*C14*/SET SCHEMA PUBLIC
CONNECT USER SA
SET AUTOCOMMIT FALSE
DISCONNECT
/*C15*/SET SCHEMA PUBLIC
CONNECT USER SA
SET AUTOCOMMIT FALSE
DISCONNECT
/*C16*/SET SCHEMA PUBLIC
CONNECT USER SA
SET AUTOCOMMIT FALSE
DISCONNECT
/*C17*/SET SCHEMA PUBLIC
CONNECT USER SA
SET AUTOCOMMIT FALSE
/*C18*/SET SCHEMA PUBLIC
CONNECT USER SA
INSERT INTO CLIENT VALUES(2,'RASMUS','PIHO',100)
/*C17*/DISCONNECT
/*C18*/DISCONNECT
/*C19*/SET SCHEMA PUBLIC
CONNECT USER SA
SET AUTOCOMMIT FALSE
INSERT INTO SALE VALUES(19,'2013-11-24 23:36:00.605000000',1)
INSERT INTO SOLDITEM VALUES(27,19,3,'P\u00e4hklid',1,10.0)
DELETE FROM STOCKITEM WHERE ID=3
INSERT INTO STOCKITEM VALUES(3,'P\u00e4hklid',10.0,58,NULL)
COMMIT
INSERT INTO STOCKITEM VALUES(6,'Kala',12.0,12,'')
COMMIT
INSERT INTO SALE VALUES(20,'2013-11-24 23:36:46.908000000',1)
INSERT INTO SOLDITEM VALUES(28,20,6,'Kala',1,12.0)
DELETE FROM STOCKITEM WHERE ID=6
INSERT INTO STOCKITEM VALUES(6,'Kala',12.0,11,'')
COMMIT
INSERT INTO SALE VALUES(21,'2013-11-24 23:37:14.245000000',2)
INSERT INTO SOLDITEM VALUES(29,21,4,'K\u00f5rsikud ',1,7.0)
DELETE FROM STOCKITEM WHERE ID=4
INSERT INTO STOCKITEM VALUES(4,'K\u00f5rsikud ',7.0,28,NULL)
COMMIT
DISCONNECT
