DEBUG main org.hibernate.cfg.Ejb3Column - Binding column: Ejb3Column{table=org.hibernate.mapping.Table(ORDER), mappingColumn=ID, insertable=true, updatable=true, unique=false} [2013-11-11 21:06:36,876]
DEBUG main org.hibernate.cfg.annotations.PropertyBinder - MetadataSourceProcessor property id with lazy=false [2013-11-11 21:06:36,877]
DEBUG main org.hibernate.cfg.annotations.SimpleValueBinder - building SimpleValue for id [2013-11-11 21:06:36,877]
DEBUG main org.hibernate.cfg.annotations.PropertyBinder - Building property id [2013-11-11 21:06:36,877]
DEBUG main org.hibernate.cfg.Ejb3Column - Binding column: Ejb3Column{table=org.hibernate.mapping.Table(ORDER), mappingColumn=SALE_TIME, insertable=true, updatable=true, unique=false} [2013-11-11 21:06:36,878]
DEBUG main org.hibernate.cfg.annotations.PropertyBinder - MetadataSourceProcessor property saleTime with lazy=false [2013-11-11 21:06:36,878]
DEBUG main org.hibernate.cfg.annotations.SimpleValueBinder - building SimpleValue for saleTime [2013-11-11 21:06:36,878]
DEBUG main org.hibernate.cfg.annotations.PropertyBinder - Building property saleTime [2013-11-11 21:06:36,878]
DEBUG main org.hibernate.cfg.Ejb3Column - Binding column: Ejb3JoinColumn{logicalColumnName='null', referencedColumn='null', mappedBy='order'} [2013-11-11 21:06:36,879]
DEBUG main org.hibernate.cfg.Ejb3Column - Binding column: Ejb3Column{table=org.hibernate.mapping.Table(ORDER), mappingColumn=soldItems, insertable=true, updatable=true, unique=false} [2013-11-11 21:06:36,880]
DEBUG main org.hibernate.cfg.Ejb3Column - Binding column: Ejb3Column{table=org.hibernate.mapping.Table(ORDER), mappingColumn=null, insertable=true, updatable=true, unique=false} [2013-11-11 21:06:36,881]
DEBUG main org.hibernate.cfg.Ejb3Column - Binding column: Ejb3Column{table=org.hibernate.mapping.Table(ORDER), mappingColumn=element, insertable=true, updatable=true, unique=false} [2013-11-11 21:06:36,890]
DEBUG main org.hibernate.cfg.Ejb3Column - Binding column: Ejb3Column{table=org.hibernate.mapping.Table(ORDER), mappingColumn=soldItems_KEY, insertable=true, updatable=true, unique=false} [2013-11-11 21:06:36,890]
DEBUG main org.hibernate.cfg.Ejb3Column - Binding column: Ejb3JoinColumn{logicalColumnName='soldItems_KEY', referencedColumn='null', mappedBy='null'} [2013-11-11 21:06:36,891]
DEBUG main org.hibernate.cfg.Ejb3Column - Binding column: Ejb3JoinColumn{logicalColumnName='null', referencedColumn='null', mappedBy='order'} [2013-11-11 21:06:36,892]
DEBUG main org.hibernate.cfg.Ejb3Column - Binding column: Ejb3JoinColumn{logicalColumnName='null', referencedColumn='null', mappedBy='order'} [2013-11-11 21:06:36,892]
DEBUG main org.hibernate.cfg.annotations.CollectionBinder - Collection role: ee.ut.math.tvt.salessystem.domain.data.Order.soldItems [2013-11-11 21:06:36,893]
DEBUG main org.hibernate.cfg.annotations.PropertyBinder - Building property soldItems [2013-11-11 21:06:36,895]
DEBUG main org.hibernate.cfg.AnnotationBinder - Binding entity from annotated class: ee.ut.math.tvt.salessystem.domain.data.SoldItem [2013-11-11 21:06:36,895]
DEBUG main org.hibernate.cfg.Ejb3Column - Binding column: Ejb3DiscriminatorColumn{logicalColumnName'DTYPE', discriminatorTypeName='string'} [2013-11-11 21:06:36,895]
DEBUG main org.hibernate.cfg.AnnotationBinder - No value specified for 'javax.persistence.sharedCache.mode'; using UNSPECIFIED [2013-11-11 21:06:36,895]
DEBUG main org.hibernate.cfg.annotations.EntityBinder - Import with entity name SOLDITEM [2013-11-11 21:06:36,896]
DEBUG main org.hibernate.cfg.annotations.EntityBinder - Bind entity ee.ut.math.tvt.salessystem.domain.data.SoldItem on table SOLDITEM [2013-11-11 21:06:36,896]
DEBUG main org.hibernate.cfg.Ejb3Column - Binding column: Ejb3Column{table=org.hibernate.mapping.Table(SOLDITEM), mappingColumn=ID, insertable=true, updatable=true, unique=false} [2013-11-11 21:06:36,902]
DEBUG main org.hibernate.cfg.annotations.PropertyBinder - MetadataSourceProcessor property id with lazy=false [2013-11-11 21:06:36,903]
DEBUG main org.hibernate.cfg.annotations.SimpleValueBinder - building SimpleValue for id [2013-11-11 21:06:36,903]
DEBUG main org.hibernate.cfg.annotations.PropertyBinder - Building property id [2013-11-11 21:06:36,903]
DEBUG main org.hibernate.cfg.Ejb3Column - Binding column: Ejb3Column{table=org.hibernate.mapping.Table(SOLDITEM), mappingColumn=STOCKITEM_ID, insertable=true, updatable=true, unique=false} [2013-11-11 21:06:36,903]
DEBUG main org.hibernate.cfg.annotations.PropertyBinder - MetadataSourceProcessor property _stockItemId with lazy=false [2013-11-11 21:06:36,904]
DEBUG main org.hibernate.cfg.annotations.SimpleValueBinder - building SimpleValue for _stockItemId [2013-11-11 21:06:36,904]
DEBUG main org.hibernate.cfg.annotations.PropertyBinder - Building property _stockItemId [2013-11-11 21:06:36,904]
DEBUG main org.hibernate.cfg.Ejb3Column - Binding column: Ejb3Column{table=org.hibernate.mapping.Table(SOLDITEM), mappingColumn=NAME, insertable=true, updatable=true, unique=false} [2013-11-11 21:06:36,904]
DEBUG main org.hibernate.cfg.annotations.PropertyBinder - MetadataSourceProcessor property name with lazy=false [2013-11-11 21:06:36,904]
DEBUG main org.hibernate.cfg.annotations.SimpleValueBinder - building SimpleValue for name [2013-11-11 21:06:36,905]
DEBUG main org.hibernate.cfg.annotations.PropertyBinder - Building property name [2013-11-11 21:06:36,905]
DEBUG main org.hibernate.cfg.Ejb3Column - Binding column: Ejb3JoinColumn{logicalColumnName='SALE_ID', referencedColumn='', mappedBy=''} [2013-11-11 21:06:36,905]
DEBUG main org.hibernate.cfg.Ejb3Column - Binding column: Ejb3Column{table=org.hibernate.mapping.Table(SOLDITEM), mappingColumn=order, insertable=true, updatable=true, unique=false} [2013-11-11 21:06:36,905]
DEBUG main org.hibernate.cfg.annotations.PropertyBinder - Building property order [2013-11-11 21:06:36,907]
DEBUG main org.hibernate.cfg.Ejb3Column - Binding column: Ejb3Column{table=org.hibernate.mapping.Table(SOLDITEM), mappingColumn=ITEMPRICE, insertable=true, updatable=true, unique=false} [2013-11-11 21:06:36,907]
DEBUG main org.hibernate.cfg.annotations.PropertyBinder - MetadataSourceProcessor property price with lazy=false [2013-11-11 21:06:36,907]
DEBUG main org.hibernate.cfg.annotations.SimpleValueBinder - building SimpleValue for price [2013-11-11 21:06:36,907]
DEBUG main org.hibernate.cfg.annotations.PropertyBinder - Building property price [2013-11-11 21:06:36,908]
DEBUG main org.hibernate.cfg.Ejb3Column - Binding column: Ejb3Column{table=org.hibernate.mapping.Table(SOLDITEM), mappingColumn=QUANTITY, insertable=true, updatable=true, unique=false} [2013-11-11 21:06:36,908]
DEBUG main org.hibernate.cfg.annotations.PropertyBinder - MetadataSourceProcessor property quantity with lazy=false [2013-11-11 21:06:36,908]
DEBUG main org.hibernate.cfg.annotations.SimpleValueBinder - building SimpleValue for quantity [2013-11-11 21:06:36,908]
DEBUG main org.hibernate.cfg.annotations.PropertyBinder - Building property quantity [2013-11-11 21:06:36,908]
DEBUG main org.hibernate.cfg.annotations.SimpleValueBinder - Setting SimpleValue typeName for id [2013-11-11 21:06:36,909]
DEBUG main org.hibernate.cfg.annotations.SimpleValueBinder - Setting SimpleValue typeName for description [2013-11-11 21:06:36,909]
DEBUG main org.hibernate.cfg.annotations.SimpleValueBinder - Setting SimpleValue typeName for name [2013-11-11 21:06:36,909]
DEBUG main org.hibernate.cfg.annotations.SimpleValueBinder - Setting SimpleValue typeName for price [2013-11-11 21:06:36,909]
DEBUG main org.hibernate.cfg.annotations.SimpleValueBinder - Setting SimpleValue typeName for quantity [2013-11-11 21:06:36,910]
DEBUG main org.hibernate.cfg.annotations.SimpleValueBinder - Setting SimpleValue typeName for id [2013-11-11 21:06:36,910]
DEBUG main org.hibernate.cfg.annotations.SimpleValueBinder - Setting SimpleValue typeName for saleTime [2013-11-11 21:06:36,910]
DEBUG main org.hibernate.cfg.annotations.SimpleValueBinder - Setting SimpleValue typeName for id [2013-11-11 21:06:36,910]
DEBUG main org.hibernate.cfg.annotations.SimpleValueBinder - Setting SimpleValue typeName for _stockItemId [2013-11-11 21:06:36,910]
DEBUG main org.hibernate.cfg.annotations.SimpleValueBinder - Setting SimpleValue typeName for name [2013-11-11 21:06:36,910]
DEBUG main org.hibernate.cfg.annotations.SimpleValueBinder - Setting SimpleValue typeName for price [2013-11-11 21:06:36,910]
DEBUG main org.hibernate.cfg.annotations.SimpleValueBinder - Setting SimpleValue typeName for quantity [2013-11-11 21:06:36,911]
DEBUG main org.hibernate.cfg.Configuration - Processing fk mappings (*ToOne and JoinedSubclass) [2013-11-11 21:06:36,911]
DEBUG main org.hibernate.cfg.Configuration - Processing extends queue [2013-11-11 21:06:36,914]
DEBUG main org.hibernate.cfg.Configuration - Processing extends queue [2013-11-11 21:06:36,914]
DEBUG main org.hibernate.cfg.Configuration - Processing collection mappings [2013-11-11 21:06:36,914]
DEBUG main org.hibernate.cfg.CollectionSecondPass - Second pass for collection: ee.ut.math.tvt.salessystem.domain.data.Order.soldItems [2013-11-11 21:06:36,915]
DEBUG main org.hibernate.cfg.annotations.CollectionBinder - Binding a OneToMany: ee.ut.math.tvt.salessystem.domain.data.Order.soldItems through a foreign key [2013-11-11 21:06:36,915]
DEBUG main org.hibernate.cfg.annotations.CollectionBinder - Mapping collection: ee.ut.math.tvt.salessystem.domain.data.Order.soldItems -> SOLDITEM [2013-11-11 21:06:36,916]
DEBUG main org.hibernate.cfg.annotations.TableBinder - Retrieving property ee.ut.math.tvt.salessystem.domain.data.SoldItem.order [2013-11-11 21:06:36,917]
DEBUG main org.hibernate.cfg.CollectionSecondPass - Mapped collection key: SALE_ID, one-to-many: ee.ut.math.tvt.salessystem.domain.data.SoldItem [2013-11-11 21:06:36,917]
DEBUG main org.hibernate.cfg.Configuration - Processing native query and ResultSetMapping mappings [2013-11-11 21:06:36,917]
DEBUG main org.hibernate.cfg.Configuration - Processing association property references [2013-11-11 21:06:36,918]
DEBUG main org.hibernate.cfg.Configuration - Processing foreign key constraints [2013-11-11 21:06:36,918]
DEBUG main org.hibernate.cfg.Configuration - Resolving reference to class: ee.ut.math.tvt.salessystem.domain.data.Order [2013-11-11 21:06:36,918]
INFO main org.hibernate.service.jdbc.connections.internal.DriverManagerConnectionProviderImpl - HHH000402: Using Hibernate built-in connection pool (not for production use!) [2013-11-11 21:06:36,927]
INFO main org.hibernate.service.jdbc.connections.internal.DriverManagerConnectionProviderImpl - HHH000115: Hibernate connection pool size: 1 [2013-11-11 21:06:36,930]
INFO main org.hibernate.service.jdbc.connections.internal.DriverManagerConnectionProviderImpl - HHH000006: Autocommit mode: false [2013-11-11 21:06:36,931]
INFO main org.hibernate.service.jdbc.connections.internal.DriverManagerConnectionProviderImpl - HHH000401: using driver [org.hsqldb.jdbcDriver] at URL [jdbc:hsqldb:hsql://localhost/POS] [2013-11-11 21:06:36,931]
INFO main org.hibernate.service.jdbc.connections.internal.DriverManagerConnectionProviderImpl - HHH000046: Connection properties: {user=sa, password=} [2013-11-11 21:06:36,931]
DEBUG main org.hibernate.service.jdbc.connections.internal.DriverManagerConnectionProviderImpl - Opening new JDBC connection [2013-11-11 21:06:36,950]
DEBUG main org.hibernate.service.jdbc.connections.internal.DriverManagerConnectionProviderImpl - Created connection to: jdbc:hsqldb:hsql://localhost/POS, Isolation Level: 2 [2013-11-11 21:06:37,105]
DEBUG main org.hibernate.engine.jdbc.internal.JdbcServicesImpl - Database ->
       name : HSQL Database Engine
    version : 2.2.9
      major : 2
      minor : 2 [2013-11-11 21:06:37,112]
DEBUG main org.hibernate.engine.jdbc.internal.JdbcServicesImpl - Driver ->
       name : HSQL Database Engine Driver
    version : 2.2.9
      major : 2
      minor : 2 [2013-11-11 21:06:37,112]
DEBUG main org.hibernate.engine.jdbc.internal.JdbcServicesImpl - JDBC version : 4.0 [2013-11-11 21:06:37,112]
INFO main org.hibernate.dialect.Dialect - HHH000400: Using dialect: org.hibernate.dialect.HSQLDialect [2013-11-11 21:06:37,129]
DEBUG main org.hibernate.cfg.SettingsFactory - Automatic flush during beforeCompletion(): disabled [2013-11-11 21:06:37,150]
DEBUG main org.hibernate.cfg.SettingsFactory - Automatic session close at end of transaction: disabled [2013-11-11 21:06:37,150]
DEBUG main org.hibernate.cfg.SettingsFactory - JDBC batch size: 15 [2013-11-11 21:06:37,150]
DEBUG main org.hibernate.cfg.SettingsFactory - JDBC batch updates for versioned data: disabled [2013-11-11 21:06:37,150]
DEBUG main org.hibernate.cfg.SettingsFactory - Scrollable result sets: enabled [2013-11-11 21:06:37,151]
DEBUG main org.hibernate.cfg.SettingsFactory - Wrap result sets: disabled [2013-11-11 21:06:37,151]
DEBUG main org.hibernate.cfg.SettingsFactory - JDBC3 getGeneratedKeys(): enabled [2013-11-11 21:06:37,151]
DEBUG main org.hibernate.cfg.SettingsFactory - multi-tenancy strategy : NONE [2013-11-11 21:06:37,151]
DEBUG main org.hibernate.cfg.SettingsFactory - Connection release mode: auto [2013-11-11 21:06:37,151]
INFO main org.hibernate.engine.transaction.internal.TransactionFactoryInitiator - HHH000399: Using default transaction strategy (direct JDBC transactions) [2013-11-11 21:06:37,151]
DEBUG main org.hibernate.cfg.SettingsFactory - Default batch fetch size: 1 [2013-11-11 21:06:37,154]
DEBUG main org.hibernate.cfg.SettingsFactory - Generate SQL with comments: disabled [2013-11-11 21:06:37,154]
DEBUG main org.hibernate.cfg.SettingsFactory - Order SQL updates by primary key: disabled [2013-11-11 21:06:37,154]
DEBUG main org.hibernate.cfg.SettingsFactory - Order SQL inserts for batching: disabled [2013-11-11 21:06:37,154]
DEBUG main org.hibernate.cfg.SettingsFactory - Query translator: org.hibernate.hql.internal.ast.ASTQueryTranslatorFactory [2013-11-11 21:06:37,154]
INFO main org.hibernate.hql.internal.ast.ASTQueryTranslatorFactory - HHH000397: Using ASTQueryTranslatorFactory [2013-11-11 21:06:37,156]
DEBUG main org.hibernate.cfg.SettingsFactory - Query language substitutions: {} [2013-11-11 21:06:37,156]
DEBUG main org.hibernate.cfg.SettingsFactory - JPA-QL strict compliance: disabled [2013-11-11 21:06:37,156]
DEBUG main org.hibernate.cfg.SettingsFactory - Second-level cache: enabled [2013-11-11 21:06:37,156]
DEBUG main org.hibernate.cfg.SettingsFactory - Query cache: disabled [2013-11-11 21:06:37,157]
DEBUG main org.hibernate.cfg.SettingsFactory - Cache region factory : org.hibernate.cache.internal.NoCachingRegionFactory [2013-11-11 21:06:37,157]
DEBUG main org.hibernate.cfg.SettingsFactory - org.hibernate.cache.internal.NoCachingRegionFactory did not provide constructor accepting java.util.Properties; attempting no-arg constructor. [2013-11-11 21:06:37,158]
DEBUG main org.hibernate.cfg.SettingsFactory - Optimize cache for minimal puts: disabled [2013-11-11 21:06:37,158]
DEBUG main org.hibernate.cfg.SettingsFactory - Structured second-level cache entries: disabled [2013-11-11 21:06:37,158]
DEBUG main org.hibernate.cfg.SettingsFactory - Statistics: disabled [2013-11-11 21:06:37,158]
DEBUG main org.hibernate.cfg.SettingsFactory - Deleted entity synthetic identifier rollback: disabled [2013-11-11 21:06:37,158]
DEBUG main org.hibernate.cfg.SettingsFactory - Default entity-mode: pojo [2013-11-11 21:06:37,158]
DEBUG main org.hibernate.cfg.SettingsFactory - Named query checking : enabled [2013-11-11 21:06:37,158]
DEBUG main org.hibernate.cfg.SettingsFactory - Check Nullability in Core (should be disabled when Bean Validation is on): enabled [2013-11-11 21:06:37,159]
DEBUG main org.hibernate.internal.SessionFactoryImpl - Building session factory [2013-11-11 21:06:37,167]
DEBUG main org.hibernate.internal.SessionFactoryImpl - Session factory constructed with filter configurations : {} [2013-11-11 21:06:37,179]
DEBUG main org.hibernate.internal.SessionFactoryImpl - Instantiating session factory with properties: {java.runtime.name=Java(TM) SE Runtime Environment, hibernate.connection.password=, sun.boot.library.path=/Library/Java/JavaVirtualMachines/jdk1.7.0_09.jdk/Contents/Home/jre/lib, java.vm.version=23.5-b02, hibernate.connection.username=sa, user.country.format=EE, gopherProxySet=false, java.vm.vendor=Oracle Corporation, java.vendor.url=http://java.oracle.com/, path.separator=:, java.vm.name=Java HotSpot(TM) 64-Bit Server VM, file.encoding.pkg=sun.io, user.country=US, sun.java.launcher=SUN_STANDARD, sun.os.patch.level=unknown, java.vm.specification.name=Java Virtual Machine Specification, user.dir=/Users/rasmus/Projects/EclipseWorkspace/POS, java.runtime.version=1.7.0_09-b05, java.awt.graphicsenv=sun.awt.CGraphicsEnvironment, java.endorsed.dirs=/Library/Java/JavaVirtualMachines/jdk1.7.0_09.jdk/Contents/Home/jre/lib/endorsed, os.arch=x86_64, java.io.tmpdir=/var/folders/k0/b1yts3113l946bb7vzlnlgx40000gn/T/, line.separator=
, java.vm.specification.vendor=Oracle Corporation, os.name=Mac OS X, sun.jnu.encoding=US-ASCII, java.library.path=/Users/rasmus/Library/Java/Extensions:/Library/Java/Extensions:/Network/Library/Java/Extensions:/System/Library/Java/Extensions:/usr/lib/java:., java.specification.name=Java Platform API Specification, java.class.version=51.0, hibernate.connection.pool_size=1, sun.management.compiler=HotSpot 64-Bit Tiered Compilers, os.version=10.8.5, http.nonProxyHosts=local|*.local|169.254/16|*.169.254/16, user.home=/Users/rasmus, connection.password=, user.timezone=Europe/Tallinn, java.awt.printerjob=sun.lwawt.macosx.CPrinterJob, connection.username=sa, java.specification.version=1.7, file.encoding=UTF-8, hibernate.connection.driver_class=org.hsqldb.jdbcDriver, show_sql=true, user.name=rasmus, java.class.path=/Users/rasmus/Projects/EclipseWorkspace/POS/config:/Users/rasmus/Projects/EclipseWorkspace/POS/bin:/Users/rasmus/Projects/EclipseWorkspace/POS/lib/log4j-1.2.17.jar:/Users/rasmus/Projects/EclipseWorkspace/POS/lib/jgoodies-common-1.4.0.jar:/Users/rasmus/Projects/EclipseWorkspace/POS/lib/jgoodies-looks-2.5.2.jar:/Users/rasmus/Projects/EclipseWorkspace/POS/lib/hsqldb.jar:/Users/rasmus/Projects/EclipseWorkspace/POS/lib/xercesImpl.jar:/Users/rasmus/Projects/EclipseWorkspace/POS/lib/xml-apis.jar:/Users/rasmus/Projects/EclipseWorkspace/POS/lib/hibernate/antlr-2.7.7.jar:/Users/rasmus/Projects/EclipseWorkspace/POS/lib/hibernate/dom4j-1.6.1.jar:/Users/rasmus/Projects/EclipseWorkspace/POS/lib/hibernate/ehcache-core-2.4.3.jar:/Users/rasmus/Projects/EclipseWorkspace/POS/lib/hibernate/hibernate-commons-annotations-4.0.1.Final.jar:/Users/rasmus/Projects/EclipseWorkspace/POS/lib/hibernate/hibernate-core-4.1.7.Final.jar:/Users/rasmus/Projects/EclipseWorkspace/POS/lib/hibernate/hibernate-ehcache-4.1.7.Final.jar:/Users/rasmus/Projects/EclipseWorkspace/POS/lib/hibernate/hibernate-jpa-2.0-api-1.0.1.Final.jar:/Users/rasmus/Projects/EclipseWorkspace/POS/lib/hibernate/javassist-3.15.0-GA.jar:/Users/rasmus/Projects/EclipseWorkspace/POS/lib/hibernate/jboss-logging-3.1.0.GA.jar:/Users/rasmus/Projects/EclipseWorkspace/POS/lib/hibernate/jboss-transaction-api_1.1_spec-1.0.0.Final.jar:/Users/rasmus/Projects/EclipseWorkspace/POS/lib/hibernate/slf4j-api-1.6.1.jar, hibernate.bytecode.use_reflection_optimizer=false, hibernate.show_sql=true, java.vm.specification.version=1.7, sun.arch.data.model=64, java.home=/Library/Java/JavaVirtualMachines/jdk1.7.0_09.jdk/Contents/Home/jre, sun.java.command=ee.ut.math.tvt.SiirisTeam.Intro, hibernate.connection.url=jdbc:hsqldb:hsql://localhost/POS, hibernate.dialect=org.hibernate.dialect.HSQLDialect, java.specification.vendor=Oracle Corporation, user.language=en, connection.pool_size=1, awt.toolkit=sun.lwawt.macosx.LWCToolkit, java.vm.info=mixed mode, java.version=1.7.0_09, java.ext.dirs=/Users/rasmus/Library/Java/Extensions:/Library/Java/JavaVirtualMachines/jdk1.7.0_09.jdk/Contents/Home/jre/lib/ext:/Library/Java/Extensions:/Network/Library/Java/Extensions:/System/Library/Java/Extensions:/usr/lib/java, sun.boot.class.path=/Library/Java/JavaVirtualMachines/jdk1.7.0_09.jdk/Contents/Home/jre/lib/resources.jar:/Library/Java/JavaVirtualMachines/jdk1.7.0_09.jdk/Contents/Home/jre/lib/rt.jar:/Library/Java/JavaVirtualMachines/jdk1.7.0_09.jdk/Contents/Home/jre/lib/sunrsasign.jar:/Library/Java/JavaVirtualMachines/jdk1.7.0_09.jdk/Contents/Home/jre/lib/jsse.jar:/Library/Java/JavaVirtualMachines/jdk1.7.0_09.jdk/Contents/Home/jre/lib/jce.jar:/Library/Java/JavaVirtualMachines/jdk1.7.0_09.jdk/Contents/Home/jre/lib/charsets.jar:/Library/Java/JavaVirtualMachines/jdk1.7.0_09.jdk/Contents/Home/jre/lib/jfr.jar:/Library/Java/JavaVirtualMachines/jdk1.7.0_09.jdk/Contents/Home/jre/lib/JObjC.jar:/Library/Java/JavaVirtualMachines/jdk1.7.0_09.jdk/Contents/Home/jre/classes, java.vendor=Oracle Corporation, file.separator=/, connection.driver_class=org.hsqldb.jdbcDriver, java.vendor.url.bug=http://bugreport.sun.com/bugreport/, sun.cpu.endian=little, sun.io.unicode.encoding=UnicodeBig, socksNonProxyHosts=local|*.local|169.254/16|*.169.254/16, ftp.nonProxyHosts=local|*.local|169.254/16|*.169.254/16, connection.url=jdbc:hsqldb:hsql://localhost/POS, sun.cpu.isalist=, dialect=org.hibernate.dialect.HSQLDialect} [2013-11-11 21:06:37,179]
DEBUG main org.hibernate.id.factory.internal.DefaultIdentifierGeneratorFactory - Setting dialect [org.hibernate.dialect.HSQLDialect] [2013-11-11 21:06:37,189]
DEBUG main org.hibernate.id.factory.internal.DefaultIdentifierGeneratorFactory - Setting dialect [org.hibernate.dialect.HSQLDialect] [2013-11-11 21:06:37,190]
DEBUG main org.hibernate.id.factory.internal.DefaultIdentifierGeneratorFactory - Setting dialect [org.hibernate.dialect.HSQLDialect] [2013-11-11 21:06:37,190]
DEBUG main org.hibernate.persister.entity.AbstractEntityPersister - Static SQL for entity: ee.ut.math.tvt.salessystem.domain.data.Order [2013-11-11 21:06:37,280]
DEBUG main org.hibernate.persister.entity.AbstractEntityPersister -  Version select: select ID from ORDER where ID =? [2013-11-11 21:06:37,280]
DEBUG main org.hibernate.persister.entity.AbstractEntityPersister -  Snapshot select: select order_.ID, order_.SALE_TIME as SALE2_1_ from ORDER order_ where order_.ID=? [2013-11-11 21:06:37,280]
DEBUG main org.hibernate.persister.entity.AbstractEntityPersister -  Insert 0: insert into ORDER (SALE_TIME, ID) values (?, ?) [2013-11-11 21:06:37,280]
DEBUG main org.hibernate.persister.entity.AbstractEntityPersister -  Update 0: update ORDER set SALE_TIME=? where ID=? [2013-11-11 21:06:37,281]
DEBUG main org.hibernate.persister.entity.AbstractEntityPersister -  Delete 0: delete from ORDER where ID=? [2013-11-11 21:06:37,281]
DEBUG main org.hibernate.persister.entity.AbstractEntityPersister -  Identity insert: insert into ORDER (ID, SALE_TIME) values (default, ?) [2013-11-11 21:06:37,281]
DEBUG main org.hibernate.persister.entity.AbstractEntityPersister - Static SQL for entity: ee.ut.math.tvt.salessystem.domain.data.StockItem [2013-11-11 21:06:37,286]
DEBUG main org.hibernate.persister.entity.AbstractEntityPersister -  Version select: select id from STOCKITEM where id =? [2013-11-11 21:06:37,286]
DEBUG main org.hibernate.persister.entity.AbstractEntityPersister -  Snapshot select: select stockitem_.id, stockitem_.DESCRIPTION as DESCRIPT2_0_, stockitem_.NAME as NAME0_, stockitem_.PRICE as PRICE0_, stockitem_.QUANTITY as QUANTITY0_ from STOCKITEM stockitem_ where stockitem_.id=? [2013-11-11 21:06:37,286]
DEBUG main org.hibernate.persister.entity.AbstractEntityPersister -  Insert 0: insert into STOCKITEM (DESCRIPTION, NAME, PRICE, QUANTITY, id) values (?, ?, ?, ?, ?) [2013-11-11 21:06:37,287]
DEBUG main org.hibernate.persister.entity.AbstractEntityPersister -  Update 0: update STOCKITEM set DESCRIPTION=?, NAME=?, PRICE=?, QUANTITY=? where id=? [2013-11-11 21:06:37,287]
DEBUG main org.hibernate.persister.entity.AbstractEntityPersister -  Delete 0: delete from STOCKITEM where id=? [2013-11-11 21:06:37,287]
DEBUG main org.hibernate.persister.entity.AbstractEntityPersister -  Identity insert: insert into STOCKITEM (id, DESCRIPTION, NAME, PRICE, QUANTITY) values (default, ?, ?, ?, ?) [2013-11-11 21:06:37,287]
DEBUG main org.hibernate.persister.entity.AbstractEntityPersister - Static SQL for entity: ee.ut.math.tvt.salessystem.domain.data.SoldItem [2013-11-11 21:06:37,292]
DEBUG main org.hibernate.persister.entity.AbstractEntityPersister -  Version select: select ID from SOLDITEM where ID =? [2013-11-11 21:06:37,292]
DEBUG main org.hibernate.persister.entity.AbstractEntityPersister -  Snapshot select: select solditem_.ID, solditem_.STOCKITEM_ID as STOCKITEM2_2_, solditem_.NAME as NAME2_, solditem_.SALE_ID as SALE6_2_, solditem_.ITEMPRICE as ITEMPRICE2_, solditem_.QUANTITY as QUANTITY2_ from SOLDITEM solditem_ where solditem_.ID=? [2013-11-11 21:06:37,293]
DEBUG main org.hibernate.persister.entity.AbstractEntityPersister -  Insert 0: insert into SOLDITEM (STOCKITEM_ID, NAME, SALE_ID, ITEMPRICE, QUANTITY, ID) values (?, ?, ?, ?, ?, ?) [2013-11-11 21:06:37,293]
DEBUG main org.hibernate.persister.entity.AbstractEntityPersister -  Update 0: update SOLDITEM set STOCKITEM_ID=?, NAME=?, SALE_ID=?, ITEMPRICE=?, QUANTITY=? where ID=? [2013-11-11 21:06:37,293]
DEBUG main org.hibernate.persister.entity.AbstractEntityPersister -  Delete 0: delete from SOLDITEM where ID=? [2013-11-11 21:06:37,293]
DEBUG main org.hibernate.persister.entity.AbstractEntityPersister -  Identity insert: insert into SOLDITEM (ID, STOCKITEM_ID, NAME, SALE_ID, ITEMPRICE, QUANTITY) values (default, ?, ?, ?, ?, ?) [2013-11-11 21:06:37,293]
DEBUG main org.hibernate.persister.collection.AbstractCollectionPersister - Static SQL for collection: ee.ut.math.tvt.salessystem.domain.data.Order.soldItems [2013-11-11 21:06:37,304]
DEBUG main org.hibernate.persister.collection.AbstractCollectionPersister -  Row insert: update SOLDITEM set SALE_ID=? where ID=? [2013-11-11 21:06:37,304]
DEBUG main org.hibernate.persister.collection.AbstractCollectionPersister -  Row delete: update SOLDITEM set SALE_ID=null where SALE_ID=? and ID=? [2013-11-11 21:06:37,304]
DEBUG main org.hibernate.persister.collection.AbstractCollectionPersister -  One-shot delete: update SOLDITEM set SALE_ID=null where SALE_ID=? [2013-11-11 21:06:37,305]
DEBUG main org.hibernate.loader.Loader - Static select for entity ee.ut.math.tvt.salessystem.domain.data.Order [NONE]: select order0_.ID as ID1_0_, order0_.SALE_TIME as SALE2_1_0_ from ORDER order0_ where order0_.ID=? [2013-11-11 21:06:37,318]
DEBUG main org.hibernate.loader.Loader - Static select for entity ee.ut.math.tvt.salessystem.domain.data.Order [READ]: select order0_.ID as ID1_0_, order0_.SALE_TIME as SALE2_1_0_ from ORDER order0_ where order0_.ID=? [2013-11-11 21:06:37,319]
DEBUG main org.hibernate.loader.Loader - Static select for entity ee.ut.math.tvt.salessystem.domain.data.Order [UPGRADE]: select order0_.ID as ID1_0_, order0_.SALE_TIME as SALE2_1_0_ from ORDER order0_ where order0_.ID=? [2013-11-11 21:06:37,319]
DEBUG main org.hibernate.loader.Loader - Static select for entity ee.ut.math.tvt.salessystem.domain.data.Order [UPGRADE_NOWAIT]: select order0_.ID as ID1_0_, order0_.SALE_TIME as SALE2_1_0_ from ORDER order0_ where order0_.ID=? [2013-11-11 21:06:37,319]
DEBUG main org.hibernate.loader.Loader - Static select for entity ee.ut.math.tvt.salessystem.domain.data.Order [FORCE]: select order0_.ID as ID1_0_, order0_.SALE_TIME as SALE2_1_0_ from ORDER order0_ where order0_.ID=? [2013-11-11 21:06:37,320]
DEBUG main org.hibernate.loader.Loader - Static select for entity ee.ut.math.tvt.salessystem.domain.data.Order [PESSIMISTIC_READ]: select order0_.ID as ID1_0_, order0_.SALE_TIME as SALE2_1_0_ from ORDER order0_ where order0_.ID=? [2013-11-11 21:06:37,320]
DEBUG main org.hibernate.loader.Loader - Static select for entity ee.ut.math.tvt.salessystem.domain.data.Order [PESSIMISTIC_WRITE]: select order0_.ID as ID1_0_, order0_.SALE_TIME as SALE2_1_0_ from ORDER order0_ where order0_.ID=? [2013-11-11 21:06:37,320]
DEBUG main org.hibernate.loader.Loader - Static select for entity ee.ut.math.tvt.salessystem.domain.data.Order [PESSIMISTIC_FORCE_INCREMENT]: select order0_.ID as ID1_0_, order0_.SALE_TIME as SALE2_1_0_ from ORDER order0_ where order0_.ID=? [2013-11-11 21:06:37,320]
DEBUG main org.hibernate.loader.Loader - Static select for entity ee.ut.math.tvt.salessystem.domain.data.Order [OPTIMISTIC]: select order0_.ID as ID1_0_, order0_.SALE_TIME as SALE2_1_0_ from ORDER order0_ where order0_.ID=? [2013-11-11 21:06:37,321]
DEBUG main org.hibernate.loader.Loader - Static select for entity ee.ut.math.tvt.salessystem.domain.data.Order [OPTIMISTIC_FORCE_INCREMENT]: select order0_.ID as ID1_0_, order0_.SALE_TIME as SALE2_1_0_ from ORDER order0_ where order0_.ID=? [2013-11-11 21:06:37,321]
DEBUG main org.hibernate.loader.Loader - Static select for action ACTION_MERGE on entity ee.ut.math.tvt.salessystem.domain.data.Order: select order0_.ID as ID1_0_, order0_.SALE_TIME as SALE2_1_0_ from ORDER order0_ where order0_.ID=? [2013-11-11 21:06:37,326]
DEBUG main org.hibernate.loader.Loader - Static select for action ACTION_REFRESH on entity ee.ut.math.tvt.salessystem.domain.data.Order: select order0_.ID as ID1_0_, order0_.SALE_TIME as SALE2_1_0_ from ORDER order0_ where order0_.ID=? [2013-11-11 21:06:37,326]
DEBUG main org.hibernate.loader.Loader - Static select for entity ee.ut.math.tvt.salessystem.domain.data.StockItem [NONE]: select stockitem0_.id as id0_0_, stockitem0_.DESCRIPTION as DESCRIPT2_0_0_, stockitem0_.NAME as NAME0_0_, stockitem0_.PRICE as PRICE0_0_, stockitem0_.QUANTITY as QUANTITY0_0_ from STOCKITEM stockitem0_ where stockitem0_.id=? [2013-11-11 21:06:37,327]
DEBUG main org.hibernate.loader.Loader - Static select for entity ee.ut.math.tvt.salessystem.domain.data.StockItem [READ]: select stockitem0_.id as id0_0_, stockitem0_.DESCRIPTION as DESCRIPT2_0_0_, stockitem0_.NAME as NAME0_0_, stockitem0_.PRICE as PRICE0_0_, stockitem0_.QUANTITY as QUANTITY0_0_ from STOCKITEM stockitem0_ where stockitem0_.id=? [2013-11-11 21:06:37,327]
DEBUG main org.hibernate.loader.Loader - Static select for entity ee.ut.math.tvt.salessystem.domain.data.StockItem [UPGRADE]: select stockitem0_.id as id0_0_, stockitem0_.DESCRIPTION as DESCRIPT2_0_0_, stockitem0_.NAME as NAME0_0_, stockitem0_.PRICE as PRICE0_0_, stockitem0_.QUANTITY as QUANTITY0_0_ from STOCKITEM stockitem0_ where stockitem0_.id=? [2013-11-11 21:06:37,327]
DEBUG main org.hibernate.loader.Loader - Static select for entity ee.ut.math.tvt.salessystem.domain.data.StockItem [UPGRADE_NOWAIT]: select stockitem0_.id as id0_0_, stockitem0_.DESCRIPTION as DESCRIPT2_0_0_, stockitem0_.NAME as NAME0_0_, stockitem0_.PRICE as PRICE0_0_, stockitem0_.QUANTITY as QUANTITY0_0_ from STOCKITEM stockitem0_ where stockitem0_.id=? [2013-11-11 21:06:37,328]
DEBUG main org.hibernate.loader.Loader - Static select for entity ee.ut.math.tvt.salessystem.domain.data.StockItem [FORCE]: select stockitem0_.id as id0_0_, stockitem0_.DESCRIPTION as DESCRIPT2_0_0_, stockitem0_.NAME as NAME0_0_, stockitem0_.PRICE as PRICE0_0_, stockitem0_.QUANTITY as QUANTITY0_0_ from STOCKITEM stockitem0_ where stockitem0_.id=? [2013-11-11 21:06:37,328]
DEBUG main org.hibernate.loader.Loader - Static select for entity ee.ut.math.tvt.salessystem.domain.data.StockItem [PESSIMISTIC_READ]: select stockitem0_.id as id0_0_, stockitem0_.DESCRIPTION as DESCRIPT2_0_0_, stockitem0_.NAME as NAME0_0_, stockitem0_.PRICE as PRICE0_0_, stockitem0_.QUANTITY as QUANTITY0_0_ from STOCKITEM stockitem0_ where stockitem0_.id=? [2013-11-11 21:06:37,328]
DEBUG main org.hibernate.loader.Loader - Static select for entity ee.ut.math.tvt.salessystem.domain.data.StockItem [PESSIMISTIC_WRITE]: select stockitem0_.id as id0_0_, stockitem0_.DESCRIPTION as DESCRIPT2_0_0_, stockitem0_.NAME as NAME0_0_, stockitem0_.PRICE as PRICE0_0_, stockitem0_.QUANTITY as QUANTITY0_0_ from STOCKITEM stockitem0_ where stockitem0_.id=? [2013-11-11 21:06:37,328]
DEBUG main org.hibernate.loader.Loader - Static select for entity ee.ut.math.tvt.salessystem.domain.data.StockItem [PESSIMISTIC_FORCE_INCREMENT]: select stockitem0_.id as id0_0_, stockitem0_.DESCRIPTION as DESCRIPT2_0_0_, stockitem0_.NAME as NAME0_0_, stockitem0_.PRICE as PRICE0_0_, stockitem0_.QUANTITY as QUANTITY0_0_ from STOCKITEM stockitem0_ where stockitem0_.id=? [2013-11-11 21:06:37,329]
DEBUG main org.hibernate.loader.Loader - Static select for entity ee.ut.math.tvt.salessystem.domain.data.StockItem [OPTIMISTIC]: select stockitem0_.id as id0_0_, stockitem0_.DESCRIPTION as DESCRIPT2_0_0_, stockitem0_.NAME as NAME0_0_, stockitem0_.PRICE as PRICE0_0_, stockitem0_.QUANTITY as QUANTITY0_0_ from STOCKITEM stockitem0_ where stockitem0_.id=? [2013-11-11 21:06:37,329]
DEBUG main org.hibernate.loader.Loader - Static select for entity ee.ut.math.tvt.salessystem.domain.data.StockItem [OPTIMISTIC_FORCE_INCREMENT]: select stockitem0_.id as id0_0_, stockitem0_.DESCRIPTION as DESCRIPT2_0_0_, stockitem0_.NAME as NAME0_0_, stockitem0_.PRICE as PRICE0_0_, stockitem0_.QUANTITY as QUANTITY0_0_ from STOCKITEM stockitem0_ where stockitem0_.id=? [2013-11-11 21:06:37,329]
DEBUG main org.hibernate.loader.Loader - Static select for action ACTION_MERGE on entity ee.ut.math.tvt.salessystem.domain.data.StockItem: select stockitem0_.id as id0_0_, stockitem0_.DESCRIPTION as DESCRIPT2_0_0_, stockitem0_.NAME as NAME0_0_, stockitem0_.PRICE as PRICE0_0_, stockitem0_.QUANTITY as QUANTITY0_0_ from STOCKITEM stockitem0_ where stockitem0_.id=? [2013-11-11 21:06:37,330]
DEBUG main org.hibernate.loader.Loader - Static select for action ACTION_REFRESH on entity ee.ut.math.tvt.salessystem.domain.data.StockItem: select stockitem0_.id as id0_0_, stockitem0_.DESCRIPTION as DESCRIPT2_0_0_, stockitem0_.NAME as NAME0_0_, stockitem0_.PRICE as PRICE0_0_, stockitem0_.QUANTITY as QUANTITY0_0_ from STOCKITEM stockitem0_ where stockitem0_.id=? [2013-11-11 21:06:37,330]
DEBUG main org.hibernate.loader.Loader - Static select for entity ee.ut.math.tvt.salessystem.domain.data.SoldItem [NONE]: select solditem0_.ID as ID2_1_, solditem0_.STOCKITEM_ID as STOCKITEM2_2_1_, solditem0_.NAME as NAME2_1_, solditem0_.SALE_ID as SALE6_2_1_, solditem0_.ITEMPRICE as ITEMPRICE2_1_, solditem0_.QUANTITY as QUANTITY2_1_, order1_.ID as ID1_0_, order1_.SALE_TIME as SALE2_1_0_ from SOLDITEM solditem0_ left outer join ORDER order1_ on solditem0_.SALE_ID=order1_.ID where solditem0_.ID=? [2013-11-11 21:06:37,332]
DEBUG main org.hibernate.loader.Loader - Static select for entity ee.ut.math.tvt.salessystem.domain.data.SoldItem [READ]: select solditem0_.ID as ID2_1_, solditem0_.STOCKITEM_ID as STOCKITEM2_2_1_, solditem0_.NAME as NAME2_1_, solditem0_.SALE_ID as SALE6_2_1_, solditem0_.ITEMPRICE as ITEMPRICE2_1_, solditem0_.QUANTITY as QUANTITY2_1_, order1_.ID as ID1_0_, order1_.SALE_TIME as SALE2_1_0_ from SOLDITEM solditem0_ left outer join ORDER order1_ on solditem0_.SALE_ID=order1_.ID where solditem0_.ID=? [2013-11-11 21:06:37,332]
DEBUG main org.hibernate.loader.Loader - Static select for entity ee.ut.math.tvt.salessystem.domain.data.SoldItem [UPGRADE]: select solditem0_.ID as ID2_0_, solditem0_.STOCKITEM_ID as STOCKITEM2_2_0_, solditem0_.NAME as NAME2_0_, solditem0_.SALE_ID as SALE6_2_0_, solditem0_.ITEMPRICE as ITEMPRICE2_0_, solditem0_.QUANTITY as QUANTITY2_0_ from SOLDITEM solditem0_ where solditem0_.ID=? [2013-11-11 21:06:37,333]
DEBUG main org.hibernate.loader.Loader - Static select for entity ee.ut.math.tvt.salessystem.domain.data.SoldItem [UPGRADE_NOWAIT]: select solditem0_.ID as ID2_0_, solditem0_.STOCKITEM_ID as STOCKITEM2_2_0_, solditem0_.NAME as NAME2_0_, solditem0_.SALE_ID as SALE6_2_0_, solditem0_.ITEMPRICE as ITEMPRICE2_0_, solditem0_.QUANTITY as QUANTITY2_0_ from SOLDITEM solditem0_ where solditem0_.ID=? [2013-11-11 21:06:37,333]
DEBUG main org.hibernate.loader.Loader - Static select for entity ee.ut.math.tvt.salessystem.domain.data.SoldItem [FORCE]: select solditem0_.ID as ID2_0_, solditem0_.STOCKITEM_ID as STOCKITEM2_2_0_, solditem0_.NAME as NAME2_0_, solditem0_.SALE_ID as SALE6_2_0_, solditem0_.ITEMPRICE as ITEMPRICE2_0_, solditem0_.QUANTITY as QUANTITY2_0_ from SOLDITEM solditem0_ where solditem0_.ID=? [2013-11-11 21:06:37,333]
DEBUG main org.hibernate.loader.Loader - Static select for entity ee.ut.math.tvt.salessystem.domain.data.SoldItem [PESSIMISTIC_READ]: select solditem0_.ID as ID2_0_, solditem0_.STOCKITEM_ID as STOCKITEM2_2_0_, solditem0_.NAME as NAME2_0_, solditem0_.SALE_ID as SALE6_2_0_, solditem0_.ITEMPRICE as ITEMPRICE2_0_, solditem0_.QUANTITY as QUANTITY2_0_ from SOLDITEM solditem0_ where solditem0_.ID=? [2013-11-11 21:06:37,334]
DEBUG main org.hibernate.loader.Loader - Static select for entity ee.ut.math.tvt.salessystem.domain.data.SoldItem [PESSIMISTIC_WRITE]: select solditem0_.ID as ID2_0_, solditem0_.STOCKITEM_ID as STOCKITEM2_2_0_, solditem0_.NAME as NAME2_0_, solditem0_.SALE_ID as SALE6_2_0_, solditem0_.ITEMPRICE as ITEMPRICE2_0_, solditem0_.QUANTITY as QUANTITY2_0_ from SOLDITEM solditem0_ where solditem0_.ID=? [2013-11-11 21:06:37,334]
DEBUG main org.hibernate.loader.Loader - Static select for entity ee.ut.math.tvt.salessystem.domain.data.SoldItem [PESSIMISTIC_FORCE_INCREMENT]: select solditem0_.ID as ID2_0_, solditem0_.STOCKITEM_ID as STOCKITEM2_2_0_, solditem0_.NAME as NAME2_0_, solditem0_.SALE_ID as SALE6_2_0_, solditem0_.ITEMPRICE as ITEMPRICE2_0_, solditem0_.QUANTITY as QUANTITY2_0_ from SOLDITEM solditem0_ where solditem0_.ID=? [2013-11-11 21:06:37,334]
DEBUG main org.hibernate.loader.Loader - Static select for entity ee.ut.math.tvt.salessystem.domain.data.SoldItem [OPTIMISTIC]: select solditem0_.ID as ID2_0_, solditem0_.STOCKITEM_ID as STOCKITEM2_2_0_, solditem0_.NAME as NAME2_0_, solditem0_.SALE_ID as SALE6_2_0_, solditem0_.ITEMPRICE as ITEMPRICE2_0_, solditem0_.QUANTITY as QUANTITY2_0_ from SOLDITEM solditem0_ where solditem0_.ID=? [2013-11-11 21:06:37,334]
DEBUG main org.hibernate.loader.Loader - Static select for entity ee.ut.math.tvt.salessystem.domain.data.SoldItem [OPTIMISTIC_FORCE_INCREMENT]: select solditem0_.ID as ID2_0_, solditem0_.STOCKITEM_ID as STOCKITEM2_2_0_, solditem0_.NAME as NAME2_0_, solditem0_.SALE_ID as SALE6_2_0_, solditem0_.ITEMPRICE as ITEMPRICE2_0_, solditem0_.QUANTITY as QUANTITY2_0_ from SOLDITEM solditem0_ where solditem0_.ID=? [2013-11-11 21:06:37,335]
DEBUG main org.hibernate.loader.Loader - Static select for action ACTION_MERGE on entity ee.ut.math.tvt.salessystem.domain.data.SoldItem: select solditem0_.ID as ID2_0_, solditem0_.STOCKITEM_ID as STOCKITEM2_2_0_, solditem0_.NAME as NAME2_0_, solditem0_.SALE_ID as SALE6_2_0_, solditem0_.ITEMPRICE as ITEMPRICE2_0_, solditem0_.QUANTITY as QUANTITY2_0_ from SOLDITEM solditem0_ where solditem0_.ID=? [2013-11-11 21:06:37,335]
DEBUG main org.hibernate.loader.Loader - Static select for action ACTION_REFRESH on entity ee.ut.math.tvt.salessystem.domain.data.SoldItem: select solditem0_.ID as ID2_0_, solditem0_.STOCKITEM_ID as STOCKITEM2_2_0_, solditem0_.NAME as NAME2_0_, solditem0_.SALE_ID as SALE6_2_0_, solditem0_.ITEMPRICE as ITEMPRICE2_0_, solditem0_.QUANTITY as QUANTITY2_0_ from SOLDITEM solditem0_ where solditem0_.ID=? [2013-11-11 21:06:37,335]
DEBUG main org.hibernate.loader.collection.OneToManyLoader - Static select for one-to-many ee.ut.math.tvt.salessystem.domain.data.Order.soldItems: select solditems0_.SALE_ID as SALE6_1_1_, solditems0_.ID as ID2_1_, solditems0_.ID as ID2_0_, solditems0_.STOCKITEM_ID as STOCKITEM2_2_0_, solditems0_.NAME as NAME2_0_, solditems0_.SALE_ID as SALE6_2_0_, solditems0_.ITEMPRICE as ITEMPRICE2_0_, solditems0_.QUANTITY as QUANTITY2_0_ from SOLDITEM solditems0_ where solditems0_.SALE_ID=? [2013-11-11 21:06:37,339]
DEBUG main org.hibernate.internal.SessionFactoryRegistry - Initializing SessionFactoryRegistry : org.hibernate.internal.SessionFactoryRegistry@3c28e5a7 [2013-11-11 21:06:37,347]
DEBUG main org.hibernate.internal.SessionFactoryRegistry - Registering SessionFactory: 60a072e9-6bc3-4fb8-b79f-4dddc1842c53 (<unnamed>) [2013-11-11 21:06:37,349]
DEBUG main org.hibernate.internal.SessionFactoryRegistry - Not binding SessionFactory to JNDI, no JNDI name configured [2013-11-11 21:06:37,349]
DEBUG main org.hibernate.internal.SessionFactoryImpl - Instantiated session factory [2013-11-11 21:06:37,349]
DEBUG main org.hibernate.internal.SessionFactoryImpl - Checking 0 named HQL queries [2013-11-11 21:06:37,349]
DEBUG main org.hibernate.internal.SessionFactoryImpl - Checking 0 named SQL queries [2013-11-11 21:06:37,349]
DEBUG main org.hibernate.stat.internal.StatisticsInitiator - Statistics initialized [enabled=false] [2013-11-11 21:06:37,354]
DEBUG main org.hibernate.internal.SessionImpl - Opened session at timestamp: 13841967973 [2013-11-11 21:06:37,392]
DEBUG main org.hibernate.hql.internal.ast.QueryTranslatorImpl - parse() - HQL: from ee.ut.math.tvt.salessystem.domain.data.StockItem [2013-11-11 21:06:38,133]
DEBUG main org.hibernate.hql.internal.ast.QueryTranslatorImpl - --- HQL AST ---
 \-[QUERY] Node: 'query'
    \-[SELECT_FROM] Node: 'SELECT_FROM'
       \-[FROM] Node: 'from'
          \-[RANGE] Node: 'RANGE'
             \-[DOT] Node: '.'
                +-[DOT] Node: '.'
                |  +-[DOT] Node: '.'
                |  |  +-[DOT] Node: '.'
                |  |  |  +-[DOT] Node: '.'
                |  |  |  |  +-[DOT] Node: '.'
                |  |  |  |  |  +-[DOT] Node: '.'
                |  |  |  |  |  |  +-[IDENT] Node: 'ee'
                |  |  |  |  |  |  \-[IDENT] Node: 'ut'
                |  |  |  |  |  \-[IDENT] Node: 'math'
                |  |  |  |  \-[IDENT] Node: 'tvt'
                |  |  |  \-[IDENT] Node: 'salessystem'
                |  |  \-[IDENT] Node: 'domain'
                |  \-[IDENT] Node: 'data'
                \-[IDENT] Node: 'StockItem'
 [2013-11-11 21:06:38,142]
DEBUG main org.hibernate.hql.internal.ast.ErrorCounter - throwQueryException() : no errors [2013-11-11 21:06:38,142]
DEBUG main org.hibernate.hql.internal.antlr.HqlSqlBaseWalker - select << begin [level=1, statement=select] [2013-11-11 21:06:38,161]
DEBUG main org.hibernate.hql.internal.ast.tree.FromElement - FromClause{level=1} : ee.ut.math.tvt.salessystem.domain.data.StockItem (<no alias>) -> stockitem0_ [2013-11-11 21:06:38,178]
DEBUG main org.hibernate.hql.internal.antlr.HqlSqlBaseWalker - select : finishing up [level=1, statement=select] [2013-11-11 21:06:38,179]
DEBUG main org.hibernate.hql.internal.ast.HqlSqlWalker - processQuery() :  ( SELECT ( FromClause{level=1} STOCKITEM stockitem0_ ) ) [2013-11-11 21:06:38,179]
DEBUG main org.hibernate.hql.internal.ast.HqlSqlWalker - Derived SELECT clause created. [2013-11-11 21:06:38,183]
DEBUG main org.hibernate.hql.internal.ast.util.JoinProcessor - Using FROM fragment [STOCKITEM stockitem0_] [2013-11-11 21:06:38,187]
DEBUG main org.hibernate.hql.internal.antlr.HqlSqlBaseWalker - select >> end [level=1, statement=select] [2013-11-11 21:06:38,188]
DEBUG main org.hibernate.hql.internal.ast.QueryTranslatorImpl - --- SQL AST ---
 \-[SELECT] QueryNode: 'SELECT'  querySpaces (STOCKITEM)
    +-[SELECT_CLAUSE] SelectClause: '{derived select clause}'
    |  +-[SELECT_EXPR] SelectExpressionImpl: 'stockitem0_.id as id0_' {FromElement{explicit,not a collection join,not a fetch join,fetch non-lazy properties,classAlias=null,role=null,tableName=STOCKITEM,tableAlias=stockitem0_,origin=null,columns={,className=ee.ut.math.tvt.salessystem.domain.data.StockItem}}}
    |  \-[SQL_TOKEN] SqlFragment: 'stockitem0_.DESCRIPTION as DESCRIPT2_0_, stockitem0_.NAME as NAME0_, stockitem0_.PRICE as PRICE0_, stockitem0_.QUANTITY as QUANTITY0_'
    \-[FROM] FromClause: 'from' FromClause{level=1, fromElementCounter=1, fromElements=1, fromElementByClassAlias=[], fromElementByTableAlias=[stockitem0_], fromElementsByPath=[], collectionJoinFromElementsByPath=[], impliedElements=[]}
       \-[FROM_FRAGMENT] FromElement: 'STOCKITEM stockitem0_' FromElement{explicit,not a collection join,not a fetch join,fetch non-lazy properties,classAlias=null,role=null,tableName=STOCKITEM,tableAlias=stockitem0_,origin=null,columns={,className=ee.ut.math.tvt.salessystem.domain.data.StockItem}}
 [2013-11-11 21:06:38,189]
DEBUG main org.hibernate.hql.internal.ast.ErrorCounter - throwQueryException() : no errors [2013-11-11 21:06:38,189]
DEBUG main org.hibernate.hql.internal.ast.QueryTranslatorImpl - HQL: from ee.ut.math.tvt.salessystem.domain.data.StockItem [2013-11-11 21:06:38,195]
DEBUG main org.hibernate.hql.internal.ast.QueryTranslatorImpl - SQL: select stockitem0_.id as id0_, stockitem0_.DESCRIPTION as DESCRIPT2_0_, stockitem0_.NAME as NAME0_, stockitem0_.PRICE as PRICE0_, stockitem0_.QUANTITY as QUANTITY0_ from STOCKITEM stockitem0_ [2013-11-11 21:06:38,195]
DEBUG main org.hibernate.hql.internal.ast.ErrorCounter - throwQueryException() : no errors [2013-11-11 21:06:38,195]
DEBUG main org.hibernate.engine.jdbc.internal.LogicalConnectionImpl - Obtaining JDBC connection [2013-11-11 21:06:38,227]
DEBUG main org.hibernate.engine.jdbc.internal.LogicalConnectionImpl - Obtained JDBC connection [2013-11-11 21:06:38,227]
DEBUG main org.hibernate.SQL - select stockitem0_.id as id0_, stockitem0_.DESCRIPTION as DESCRIPT2_0_, stockitem0_.NAME as NAME0_, stockitem0_.PRICE as PRICE0_, stockitem0_.QUANTITY as QUANTITY0_ from STOCKITEM stockitem0_ [2013-11-11 21:06:38,234]
DEBUG main org.hibernate.loader.Loader - Result set row: 0 [2013-11-11 21:06:38,288]
DEBUG main org.hibernate.loader.Loader - Result row: EntityKey[ee.ut.math.tvt.salessystem.domain.data.StockItem#1] [2013-11-11 21:06:38,291]
DEBUG main org.hibernate.loader.Loader - Result set row: 1 [2013-11-11 21:06:38,297]
DEBUG main org.hibernate.loader.Loader - Result row: EntityKey[ee.ut.math.tvt.salessystem.domain.data.StockItem#2] [2013-11-11 21:06:38,297]
DEBUG main org.hibernate.loader.Loader - Result set row: 2 [2013-11-11 21:06:38,297]
DEBUG main org.hibernate.loader.Loader - Result row: EntityKey[ee.ut.math.tvt.salessystem.domain.data.StockItem#3] [2013-11-11 21:06:38,297]
DEBUG main org.hibernate.loader.Loader - Result set row: 3 [2013-11-11 21:06:38,298]
DEBUG main org.hibernate.loader.Loader - Result row: EntityKey[ee.ut.math.tvt.salessystem.domain.data.StockItem#4] [2013-11-11 21:06:38,298]
DEBUG main org.hibernate.loader.Loader - Result set row: 4 [2013-11-11 21:06:38,299]
DEBUG main org.hibernate.loader.Loader - Result row: EntityKey[ee.ut.math.tvt.salessystem.domain.data.StockItem#5] [2013-11-11 21:06:38,299]
DEBUG main org.hibernate.loader.Loader - Result set row: 5 [2013-11-11 21:06:38,299]
DEBUG main org.hibernate.loader.Loader - Result row: EntityKey[ee.ut.math.tvt.salessystem.domain.data.StockItem#6] [2013-11-11 21:06:38,299]
DEBUG main org.hibernate.loader.Loader - Result set row: 6 [2013-11-11 21:06:38,300]
DEBUG main org.hibernate.loader.Loader - Result row: EntityKey[ee.ut.math.tvt.salessystem.domain.data.StockItem#7] [2013-11-11 21:06:38,300]
DEBUG main org.hibernate.loader.Loader - Result set row: 7 [2013-11-11 21:06:38,300]
DEBUG main org.hibernate.loader.Loader - Result row: EntityKey[ee.ut.math.tvt.salessystem.domain.data.StockItem#8] [2013-11-11 21:06:38,300]
DEBUG main org.hibernate.loader.Loader - Result set row: 8 [2013-11-11 21:06:38,301]
DEBUG main org.hibernate.loader.Loader - Result row: EntityKey[ee.ut.math.tvt.salessystem.domain.data.StockItem#9] [2013-11-11 21:06:38,301]
DEBUG main org.hibernate.loader.Loader - Result set row: 9 [2013-11-11 21:06:38,302]
DEBUG main org.hibernate.loader.Loader - Result row: EntityKey[ee.ut.math.tvt.salessystem.domain.data.StockItem#10] [2013-11-11 21:06:38,302]
DEBUG main org.hibernate.loader.Loader - Result set row: 10 [2013-11-11 21:06:38,302]
DEBUG main org.hibernate.loader.Loader - Result row: EntityKey[ee.ut.math.tvt.salessystem.domain.data.StockItem#11] [2013-11-11 21:06:38,302]
DEBUG main org.hibernate.loader.Loader - Result set row: 11 [2013-11-11 21:06:38,303]
DEBUG main org.hibernate.loader.Loader - Result row: EntityKey[ee.ut.math.tvt.salessystem.domain.data.StockItem#12] [2013-11-11 21:06:38,303]
DEBUG main org.hibernate.loader.Loader - Result set row: 12 [2013-11-11 21:06:38,303]
DEBUG main org.hibernate.loader.Loader - Result row: EntityKey[ee.ut.math.tvt.salessystem.domain.data.StockItem#13] [2013-11-11 21:06:38,303]
DEBUG main org.hibernate.loader.Loader - Result set row: 13 [2013-11-11 21:06:38,304]
DEBUG main org.hibernate.loader.Loader - Result row: EntityKey[ee.ut.math.tvt.salessystem.domain.data.StockItem#14] [2013-11-11 21:06:38,304]
DEBUG main org.hibernate.loader.Loader - Result set row: 14 [2013-11-11 21:06:38,304]
DEBUG main org.hibernate.loader.Loader - Result row: EntityKey[ee.ut.math.tvt.salessystem.domain.data.StockItem#15] [2013-11-11 21:06:38,304]
DEBUG main org.hibernate.loader.Loader - Result set row: 15 [2013-11-11 21:06:38,305]
DEBUG main org.hibernate.loader.Loader - Result row: EntityKey[ee.ut.math.tvt.salessystem.domain.data.StockItem#16] [2013-11-11 21:06:38,306]
DEBUG main org.hibernate.loader.Loader - Result set row: 16 [2013-11-11 21:06:38,307]
DEBUG main org.hibernate.loader.Loader - Result row: EntityKey[ee.ut.math.tvt.salessystem.domain.data.StockItem#17] [2013-11-11 21:06:38,307]
DEBUG main org.hibernate.loader.Loader - Result set row: 17 [2013-11-11 21:06:38,307]
DEBUG main org.hibernate.loader.Loader - Result row: EntityKey[ee.ut.math.tvt.salessystem.domain.data.StockItem#18] [2013-11-11 21:06:38,308]
DEBUG main org.hibernate.loader.Loader - Result set row: 18 [2013-11-11 21:06:38,308]
DEBUG main org.hibernate.loader.Loader - Result row: EntityKey[ee.ut.math.tvt.salessystem.domain.data.StockItem#19] [2013-11-11 21:06:38,308]
DEBUG main org.hibernate.loader.Loader - Result set row: 19 [2013-11-11 21:06:38,308]
DEBUG main org.hibernate.loader.Loader - Result row: EntityKey[ee.ut.math.tvt.salessystem.domain.data.StockItem#20] [2013-11-11 21:06:38,308]
DEBUG main org.hibernate.loader.Loader - Result set row: 20 [2013-11-11 21:06:38,309]
DEBUG main org.hibernate.loader.Loader - Result row: EntityKey[ee.ut.math.tvt.salessystem.domain.data.StockItem#21] [2013-11-11 21:06:38,309]
DEBUG main org.hibernate.loader.Loader - Result set row: 21 [2013-11-11 21:06:38,309]
DEBUG main org.hibernate.loader.Loader - Result row: EntityKey[ee.ut.math.tvt.salessystem.domain.data.StockItem#22] [2013-11-11 21:06:38,309]
DEBUG main org.hibernate.engine.internal.TwoPhaseLoad - Resolving associations for [ee.ut.math.tvt.salessystem.domain.data.StockItem#1] [2013-11-11 21:06:38,311]
DEBUG main org.hibernate.engine.internal.TwoPhaseLoad - Done materializing entity [ee.ut.math.tvt.salessystem.domain.data.StockItem#1] [2013-11-11 21:06:38,343]
DEBUG main org.hibernate.engine.internal.TwoPhaseLoad - Resolving associations for [ee.ut.math.tvt.salessystem.domain.data.StockItem#2] [2013-11-11 21:06:38,343]
DEBUG main org.hibernate.engine.internal.TwoPhaseLoad - Done materializing entity [ee.ut.math.tvt.salessystem.domain.data.StockItem#2] [2013-11-11 21:06:38,343]
DEBUG main org.hibernate.engine.internal.TwoPhaseLoad - Resolving associations for [ee.ut.math.tvt.salessystem.domain.data.StockItem#3] [2013-11-11 21:06:38,343]
DEBUG main org.hibernate.engine.internal.TwoPhaseLoad - Done materializing entity [ee.ut.math.tvt.salessystem.domain.data.StockItem#3] [2013-11-11 21:06:38,343]
DEBUG main org.hibernate.engine.internal.TwoPhaseLoad - Resolving associations for [ee.ut.math.tvt.salessystem.domain.data.StockItem#4] [2013-11-11 21:06:38,343]
DEBUG main org.hibernate.engine.internal.TwoPhaseLoad - Done materializing entity [ee.ut.math.tvt.salessystem.domain.data.StockItem#4] [2013-11-11 21:06:38,344]
DEBUG main org.hibernate.engine.internal.TwoPhaseLoad - Resolving associations for [ee.ut.math.tvt.salessystem.domain.data.StockItem#5] [2013-11-11 21:06:38,344]
DEBUG main org.hibernate.engine.internal.TwoPhaseLoad - Done materializing entity [ee.ut.math.tvt.salessystem.domain.data.StockItem#5] [2013-11-11 21:06:38,344]
DEBUG main org.hibernate.engine.internal.TwoPhaseLoad - Resolving associations for [ee.ut.math.tvt.salessystem.domain.data.StockItem#6] [2013-11-11 21:06:38,344]
DEBUG main org.hibernate.engine.internal.TwoPhaseLoad - Done materializing entity [ee.ut.math.tvt.salessystem.domain.data.StockItem#6] [2013-11-11 21:06:38,344]
DEBUG main org.hibernate.engine.internal.TwoPhaseLoad - Resolving associations for [ee.ut.math.tvt.salessystem.domain.data.StockItem#7] [2013-11-11 21:06:38,344]
DEBUG main org.hibernate.engine.internal.TwoPhaseLoad - Done materializing entity [ee.ut.math.tvt.salessystem.domain.data.StockItem#7] [2013-11-11 21:06:38,345]
DEBUG main org.hibernate.engine.internal.TwoPhaseLoad - Resolving associations for [ee.ut.math.tvt.salessystem.domain.data.StockItem#8] [2013-11-11 21:06:38,345]
DEBUG main org.hibernate.engine.internal.TwoPhaseLoad - Done materializing entity [ee.ut.math.tvt.salessystem.domain.data.StockItem#8] [2013-11-11 21:06:38,345]
DEBUG main org.hibernate.engine.internal.TwoPhaseLoad - Resolving associations for [ee.ut.math.tvt.salessystem.domain.data.StockItem#9] [2013-11-11 21:06:38,345]
DEBUG main org.hibernate.engine.internal.TwoPhaseLoad - Done materializing entity [ee.ut.math.tvt.salessystem.domain.data.StockItem#9] [2013-11-11 21:06:38,345]
DEBUG main org.hibernate.engine.internal.TwoPhaseLoad - Resolving associations for [ee.ut.math.tvt.salessystem.domain.data.StockItem#10] [2013-11-11 21:06:38,345]
DEBUG main org.hibernate.engine.internal.TwoPhaseLoad - Done materializing entity [ee.ut.math.tvt.salessystem.domain.data.StockItem#10] [2013-11-11 21:06:38,346]
DEBUG main org.hibernate.engine.internal.TwoPhaseLoad - Resolving associations for [ee.ut.math.tvt.salessystem.domain.data.StockItem#11] [2013-11-11 21:06:38,346]
DEBUG main org.hibernate.engine.internal.TwoPhaseLoad - Done materializing entity [ee.ut.math.tvt.salessystem.domain.data.StockItem#11] [2013-11-11 21:06:38,346]
DEBUG main org.hibernate.engine.internal.TwoPhaseLoad - Resolving associations for [ee.ut.math.tvt.salessystem.domain.data.StockItem#12] [2013-11-11 21:06:38,346]
DEBUG main org.hibernate.engine.internal.TwoPhaseLoad - Done materializing entity [ee.ut.math.tvt.salessystem.domain.data.StockItem#12] [2013-11-11 21:06:38,346]
DEBUG main org.hibernate.engine.internal.TwoPhaseLoad - Resolving associations for [ee.ut.math.tvt.salessystem.domain.data.StockItem#13] [2013-11-11 21:06:38,346]
DEBUG main org.hibernate.engine.internal.TwoPhaseLoad - Done materializing entity [ee.ut.math.tvt.salessystem.domain.data.StockItem#13] [2013-11-11 21:06:38,347]
DEBUG main org.hibernate.engine.internal.TwoPhaseLoad - Resolving associations for [ee.ut.math.tvt.salessystem.domain.data.StockItem#14] [2013-11-11 21:06:38,347]
DEBUG main org.hibernate.engine.internal.TwoPhaseLoad - Done materializing entity [ee.ut.math.tvt.salessystem.domain.data.StockItem#14] [2013-11-11 21:06:38,347]
DEBUG main org.hibernate.engine.internal.TwoPhaseLoad - Resolving associations for [ee.ut.math.tvt.salessystem.domain.data.StockItem#15] [2013-11-11 21:06:38,347]
DEBUG main org.hibernate.engine.internal.TwoPhaseLoad - Done materializing entity [ee.ut.math.tvt.salessystem.domain.data.StockItem#15] [2013-11-11 21:06:38,347]
DEBUG main org.hibernate.engine.internal.TwoPhaseLoad - Resolving associations for [ee.ut.math.tvt.salessystem.domain.data.StockItem#16] [2013-11-11 21:06:38,347]
DEBUG main org.hibernate.engine.internal.TwoPhaseLoad - Done materializing entity [ee.ut.math.tvt.salessystem.domain.data.StockItem#16] [2013-11-11 21:06:38,347]
DEBUG main org.hibernate.engine.internal.TwoPhaseLoad - Resolving associations for [ee.ut.math.tvt.salessystem.domain.data.StockItem#17] [2013-11-11 21:06:38,348]
DEBUG main org.hibernate.engine.internal.TwoPhaseLoad - Done materializing entity [ee.ut.math.tvt.salessystem.domain.data.StockItem#17] [2013-11-11 21:06:38,348]
DEBUG main org.hibernate.engine.internal.TwoPhaseLoad - Resolving associations for [ee.ut.math.tvt.salessystem.domain.data.StockItem#18] [2013-11-11 21:06:38,348]
DEBUG main org.hibernate.engine.internal.TwoPhaseLoad - Done materializing entity [ee.ut.math.tvt.salessystem.domain.data.StockItem#18] [2013-11-11 21:06:38,348]
DEBUG main org.hibernate.engine.internal.TwoPhaseLoad - Resolving associations for [ee.ut.math.tvt.salessystem.domain.data.StockItem#19] [2013-11-11 21:06:38,348]
DEBUG main org.hibernate.engine.internal.TwoPhaseLoad - Done materializing entity [ee.ut.math.tvt.salessystem.domain.data.StockItem#19] [2013-11-11 21:06:38,348]
DEBUG main org.hibernate.engine.internal.TwoPhaseLoad - Resolving associations for [ee.ut.math.tvt.salessystem.domain.data.StockItem#20] [2013-11-11 21:06:38,349]
DEBUG main org.hibernate.engine.internal.TwoPhaseLoad - Done materializing entity [ee.ut.math.tvt.salessystem.domain.data.StockItem#20] [2013-11-11 21:06:38,349]
DEBUG main org.hibernate.engine.internal.TwoPhaseLoad - Resolving associations for [ee.ut.math.tvt.salessystem.domain.data.StockItem#21] [2013-11-11 21:06:38,349]
DEBUG main org.hibernate.engine.internal.TwoPhaseLoad - Done materializing entity [ee.ut.math.tvt.salessystem.domain.data.StockItem#21] [2013-11-11 21:06:38,349]
DEBUG main org.hibernate.engine.internal.TwoPhaseLoad - Resolving associations for [ee.ut.math.tvt.salessystem.domain.data.StockItem#22] [2013-11-11 21:06:38,349]
DEBUG main org.hibernate.engine.internal.TwoPhaseLoad - Done materializing entity [ee.ut.math.tvt.salessystem.domain.data.StockItem#22] [2013-11-11 21:06:38,349]
DEBUG main org.hibernate.engine.internal.StatefulPersistenceContext - Initializing non-lazy collections [2013-11-11 21:06:38,349]
DEBUG main org.hibernate.hql.internal.ast.QueryTranslatorImpl - parse() - HQL: from ee.ut.math.tvt.salessystem.domain.data.Order [2013-11-11 21:06:38,353]
DEBUG main org.hibernate.hql.internal.ast.HqlParser - weakKeywords() : new LT(1) token - ["Order",<126> previously: <41>,line=1,col=45,possibleID=true] [2013-11-11 21:06:38,354]
DEBUG main org.hibernate.hql.internal.ast.QueryTranslatorImpl - --- HQL AST ---
 \-[QUERY] Node: 'query'
    \-[SELECT_FROM] Node: 'SELECT_FROM'
       \-[FROM] Node: 'from'
          \-[RANGE] Node: 'RANGE'
             \-[DOT] Node: '.'
                +-[DOT] Node: '.'
                |  +-[DOT] Node: '.'
                |  |  +-[DOT] Node: '.'
                |  |  |  +-[DOT] Node: '.'
                |  |  |  |  +-[DOT] Node: '.'
                |  |  |  |  |  +-[DOT] Node: '.'
                |  |  |  |  |  |  +-[IDENT] Node: 'ee'
                |  |  |  |  |  |  \-[IDENT] Node: 'ut'
                |  |  |  |  |  \-[IDENT] Node: 'math'
                |  |  |  |  \-[IDENT] Node: 'tvt'
                |  |  |  \-[IDENT] Node: 'salessystem'
                |  |  \-[IDENT] Node: 'domain'
                |  \-[IDENT] Node: 'data'
                \-[IDENT] Node: 'Order'
 [2013-11-11 21:06:38,355]
DEBUG main org.hibernate.hql.internal.ast.ErrorCounter - throwQueryException() : no errors [2013-11-11 21:06:38,355]
DEBUG main org.hibernate.hql.internal.antlr.HqlSqlBaseWalker - select << begin [level=1, statement=select] [2013-11-11 21:06:38,356]
DEBUG main org.hibernate.hql.internal.ast.tree.FromElement - FromClause{level=1} : ee.ut.math.tvt.salessystem.domain.data.Order (<no alias>) -> order0_ [2013-11-11 21:06:38,356]
DEBUG main org.hibernate.hql.internal.antlr.HqlSqlBaseWalker - select : finishing up [level=1, statement=select] [2013-11-11 21:06:38,356]
DEBUG main org.hibernate.hql.internal.ast.HqlSqlWalker - processQuery() :  ( SELECT ( FromClause{level=1} ORDER order0_ ) ) [2013-11-11 21:06:38,357]
DEBUG main org.hibernate.hql.internal.ast.HqlSqlWalker - Derived SELECT clause created. [2013-11-11 21:06:38,357]
DEBUG main org.hibernate.hql.internal.ast.util.JoinProcessor - Using FROM fragment [ORDER order0_] [2013-11-11 21:06:38,357]
DEBUG main org.hibernate.hql.internal.antlr.HqlSqlBaseWalker - select >> end [level=1, statement=select] [2013-11-11 21:06:38,357]
DEBUG main org.hibernate.hql.internal.ast.QueryTranslatorImpl - --- SQL AST ---
 \-[SELECT] QueryNode: 'SELECT'  querySpaces (ORDER)
    +-[SELECT_CLAUSE] SelectClause: '{derived select clause}'
    |  +-[SELECT_EXPR] SelectExpressionImpl: 'order0_.ID as ID1_' {FromElement{explicit,not a collection join,not a fetch join,fetch non-lazy properties,classAlias=null,role=null,tableName=ORDER,tableAlias=order0_,origin=null,columns={,className=ee.ut.math.tvt.salessystem.domain.data.Order}}}
    |  \-[SQL_TOKEN] SqlFragment: 'order0_.SALE_TIME as SALE2_1_'
    \-[FROM] FromClause: 'from' FromClause{level=1, fromElementCounter=1, fromElements=1, fromElementByClassAlias=[], fromElementByTableAlias=[order0_], fromElementsByPath=[], collectionJoinFromElementsByPath=[], impliedElements=[]}
       \-[FROM_FRAGMENT] FromElement: 'ORDER order0_' FromElement{explicit,not a collection join,not a fetch join,fetch non-lazy properties,classAlias=null,role=null,tableName=ORDER,tableAlias=order0_,origin=null,columns={,className=ee.ut.math.tvt.salessystem.domain.data.Order}}
 [2013-11-11 21:06:38,358]
DEBUG main org.hibernate.hql.internal.ast.ErrorCounter - throwQueryException() : no errors [2013-11-11 21:06:38,358]
DEBUG main org.hibernate.hql.internal.ast.QueryTranslatorImpl - HQL: from ee.ut.math.tvt.salessystem.domain.data.Order [2013-11-11 21:06:38,358]
DEBUG main org.hibernate.hql.internal.ast.QueryTranslatorImpl - SQL: select order0_.ID as ID1_, order0_.SALE_TIME as SALE2_1_ from ORDER order0_ [2013-11-11 21:06:38,358]
DEBUG main org.hibernate.hql.internal.ast.ErrorCounter - throwQueryException() : no errors [2013-11-11 21:06:38,358]
DEBUG main org.hibernate.SQL - select order0_.ID as ID1_, order0_.SALE_TIME as SALE2_1_ from ORDER order0_ [2013-11-11 21:06:38,359]
DEBUG main org.hibernate.loader.Loader - Result set row: 0 [2013-11-11 21:06:38,360]
DEBUG main org.hibernate.loader.Loader - Result row: EntityKey[ee.ut.math.tvt.salessystem.domain.data.Order#1] [2013-11-11 21:06:38,360]
DEBUG main org.hibernate.loader.Loader - Result set row: 1 [2013-11-11 21:06:38,361]
DEBUG main org.hibernate.loader.Loader - Result row: EntityKey[ee.ut.math.tvt.salessystem.domain.data.Order#2] [2013-11-11 21:06:38,361]
DEBUG main org.hibernate.loader.Loader - Result set row: 2 [2013-11-11 21:06:38,361]
DEBUG main org.hibernate.loader.Loader - Result row: EntityKey[ee.ut.math.tvt.salessystem.domain.data.Order#3] [2013-11-11 21:06:38,361]
DEBUG main org.hibernate.loader.Loader - Result set row: 3 [2013-11-11 21:06:38,362]
DEBUG main org.hibernate.loader.Loader - Result row: EntityKey[ee.ut.math.tvt.salessystem.domain.data.Order#4] [2013-11-11 21:06:38,362]
DEBUG main org.hibernate.loader.Loader - Result set row: 4 [2013-11-11 21:06:38,362]
DEBUG main org.hibernate.loader.Loader - Result row: EntityKey[ee.ut.math.tvt.salessystem.domain.data.Order#5] [2013-11-11 21:06:38,362]
DEBUG main org.hibernate.engine.internal.TwoPhaseLoad - Resolving associations for [ee.ut.math.tvt.salessystem.domain.data.Order#1] [2013-11-11 21:06:38,363]
DEBUG main org.hibernate.engine.internal.TwoPhaseLoad - Done materializing entity [ee.ut.math.tvt.salessystem.domain.data.Order#1] [2013-11-11 21:06:38,368]
DEBUG main org.hibernate.engine.internal.TwoPhaseLoad - Resolving associations for [ee.ut.math.tvt.salessystem.domain.data.Order#2] [2013-11-11 21:06:38,368]
DEBUG main org.hibernate.engine.internal.TwoPhaseLoad - Done materializing entity [ee.ut.math.tvt.salessystem.domain.data.Order#2] [2013-11-11 21:06:38,368]
DEBUG main org.hibernate.engine.internal.TwoPhaseLoad - Resolving associations for [ee.ut.math.tvt.salessystem.domain.data.Order#3] [2013-11-11 21:06:38,369]
DEBUG main org.hibernate.engine.internal.TwoPhaseLoad - Done materializing entity [ee.ut.math.tvt.salessystem.domain.data.Order#3] [2013-11-11 21:06:38,369]
DEBUG main org.hibernate.engine.internal.TwoPhaseLoad - Resolving associations for [ee.ut.math.tvt.salessystem.domain.data.Order#4] [2013-11-11 21:06:38,369]
DEBUG main org.hibernate.engine.internal.TwoPhaseLoad - Done materializing entity [ee.ut.math.tvt.salessystem.domain.data.Order#4] [2013-11-11 21:06:38,369]
DEBUG main org.hibernate.engine.internal.TwoPhaseLoad - Resolving associations for [ee.ut.math.tvt.salessystem.domain.data.Order#5] [2013-11-11 21:06:38,369]
DEBUG main org.hibernate.engine.internal.TwoPhaseLoad - Done materializing entity [ee.ut.math.tvt.salessystem.domain.data.Order#5] [2013-11-11 21:06:38,369]
DEBUG main org.hibernate.engine.internal.StatefulPersistenceContext - Initializing non-lazy collections [2013-11-11 21:06:38,369]
WARN main ee.ut.math.tvt.salessystem.ui.SalesSystemUI - [The JGoodies Windows Look and Feel -  2001-2012 JGoodies Karsten Lentzsch - com.jgoodies.looks.windows.WindowsLookAndFeel] not supported on this platform [2013-11-11 21:06:38,373]
DEBUG AWT-EventQueue-0 org.hibernate.loader.Loader - Loading collection: [ee.ut.math.tvt.salessystem.domain.data.Order.soldItems#1] [2013-11-11 21:06:40,510]
DEBUG AWT-EventQueue-0 org.hibernate.SQL - select solditems0_.SALE_ID as SALE6_1_1_, solditems0_.ID as ID2_1_, solditems0_.ID as ID2_0_, solditems0_.STOCKITEM_ID as STOCKITEM2_2_0_, solditems0_.NAME as NAME2_0_, solditems0_.SALE_ID as SALE6_2_0_, solditems0_.ITEMPRICE as ITEMPRICE2_0_, solditems0_.QUANTITY as QUANTITY2_0_ from SOLDITEM solditems0_ where solditems0_.SALE_ID=? [2013-11-11 21:06:40,511]
DEBUG AWT-EventQueue-0 org.hibernate.loader.Loader - Result set contains (possibly empty) collection: [ee.ut.math.tvt.salessystem.domain.data.Order.soldItems#1] [2013-11-11 21:06:40,513]
DEBUG AWT-EventQueue-0 org.hibernate.loader.Loader - Result set row: 0 [2013-11-11 21:06:40,515]
DEBUG AWT-EventQueue-0 org.hibernate.loader.Loader - Result row: EntityKey[ee.ut.math.tvt.salessystem.domain.data.SoldItem#1] [2013-11-11 21:06:40,515]
DEBUG AWT-EventQueue-0 org.hibernate.loader.Loader - Found row of collection: [ee.ut.math.tvt.salessystem.domain.data.Order.soldItems#1] [2013-11-11 21:06:40,515]
DEBUG AWT-EventQueue-0 org.hibernate.loader.Loader - Result set row: 1 [2013-11-11 21:06:40,517]
DEBUG AWT-EventQueue-0 org.hibernate.loader.Loader - Result row: EntityKey[ee.ut.math.tvt.salessystem.domain.data.SoldItem#2] [2013-11-11 21:06:40,517]
DEBUG AWT-EventQueue-0 org.hibernate.loader.Loader - Found row of collection: [ee.ut.math.tvt.salessystem.domain.data.Order.soldItems#1] [2013-11-11 21:06:40,517]
DEBUG AWT-EventQueue-0 org.hibernate.engine.internal.TwoPhaseLoad - Resolving associations for [ee.ut.math.tvt.salessystem.domain.data.SoldItem#1] [2013-11-11 21:06:40,518]
DEBUG AWT-EventQueue-0 org.hibernate.engine.internal.TwoPhaseLoad - Done materializing entity [ee.ut.math.tvt.salessystem.domain.data.SoldItem#1] [2013-11-11 21:06:40,518]
DEBUG AWT-EventQueue-0 org.hibernate.engine.internal.TwoPhaseLoad - Resolving associations for [ee.ut.math.tvt.salessystem.domain.data.SoldItem#2] [2013-11-11 21:06:40,518]
DEBUG AWT-EventQueue-0 org.hibernate.engine.internal.TwoPhaseLoad - Done materializing entity [ee.ut.math.tvt.salessystem.domain.data.SoldItem#2] [2013-11-11 21:06:40,519]
DEBUG AWT-EventQueue-0 org.hibernate.engine.loading.internal.CollectionLoadContext - 1 collections were found in result set for role: ee.ut.math.tvt.salessystem.domain.data.Order.soldItems [2013-11-11 21:06:40,519]
DEBUG AWT-EventQueue-0 org.hibernate.engine.loading.internal.CollectionLoadContext - Collection fully initialized: [ee.ut.math.tvt.salessystem.domain.data.Order.soldItems#1] [2013-11-11 21:06:40,519]
DEBUG AWT-EventQueue-0 org.hibernate.engine.loading.internal.CollectionLoadContext - 1 collections initialized for role: ee.ut.math.tvt.salessystem.domain.data.Order.soldItems [2013-11-11 21:06:40,519]
DEBUG AWT-EventQueue-0 org.hibernate.engine.internal.StatefulPersistenceContext - Initializing non-lazy collections [2013-11-11 21:06:40,520]
DEBUG AWT-EventQueue-0 org.hibernate.loader.Loader - Done loading collection [2013-11-11 21:06:40,520]
DEBUG AWT-EventQueue-0 org.hibernate.loader.Loader - Loading collection: [ee.ut.math.tvt.salessystem.domain.data.Order.soldItems#2] [2013-11-11 21:06:40,521]
DEBUG AWT-EventQueue-0 org.hibernate.SQL - select solditems0_.SALE_ID as SALE6_1_1_, solditems0_.ID as ID2_1_, solditems0_.ID as ID2_0_, solditems0_.STOCKITEM_ID as STOCKITEM2_2_0_, solditems0_.NAME as NAME2_0_, solditems0_.SALE_ID as SALE6_2_0_, solditems0_.ITEMPRICE as ITEMPRICE2_0_, solditems0_.QUANTITY as QUANTITY2_0_ from SOLDITEM solditems0_ where solditems0_.SALE_ID=? [2013-11-11 21:06:40,522]
DEBUG AWT-EventQueue-0 org.hibernate.loader.Loader - Result set contains (possibly empty) collection: [ee.ut.math.tvt.salessystem.domain.data.Order.soldItems#2] [2013-11-11 21:06:40,523]
DEBUG AWT-EventQueue-0 org.hibernate.loader.Loader - Result set row: 0 [2013-11-11 21:06:40,523]
DEBUG AWT-EventQueue-0 org.hibernate.loader.Loader - Result row: EntityKey[ee.ut.math.tvt.salessystem.domain.data.SoldItem#3] [2013-11-11 21:06:40,523]
DEBUG AWT-EventQueue-0 org.hibernate.loader.Loader - Found row of collection: [ee.ut.math.tvt.salessystem.domain.data.Order.soldItems#2] [2013-11-11 21:06:40,524]
DEBUG AWT-EventQueue-0 org.hibernate.engine.internal.TwoPhaseLoad - Resolving associations for [ee.ut.math.tvt.salessystem.domain.data.SoldItem#3] [2013-11-11 21:06:40,524]
DEBUG AWT-EventQueue-0 org.hibernate.engine.internal.TwoPhaseLoad - Done materializing entity [ee.ut.math.tvt.salessystem.domain.data.SoldItem#3] [2013-11-11 21:06:40,525]
DEBUG AWT-EventQueue-0 org.hibernate.engine.loading.internal.CollectionLoadContext - 1 collections were found in result set for role: ee.ut.math.tvt.salessystem.domain.data.Order.soldItems [2013-11-11 21:06:40,525]
DEBUG AWT-EventQueue-0 org.hibernate.engine.loading.internal.CollectionLoadContext - Collection fully initialized: [ee.ut.math.tvt.salessystem.domain.data.Order.soldItems#2] [2013-11-11 21:06:40,525]
DEBUG AWT-EventQueue-0 org.hibernate.engine.loading.internal.CollectionLoadContext - 1 collections initialized for role: ee.ut.math.tvt.salessystem.domain.data.Order.soldItems [2013-11-11 21:06:40,525]
DEBUG AWT-EventQueue-0 org.hibernate.engine.internal.StatefulPersistenceContext - Initializing non-lazy collections [2013-11-11 21:06:40,525]
DEBUG AWT-EventQueue-0 org.hibernate.loader.Loader - Done loading collection [2013-11-11 21:06:40,525]
DEBUG AWT-EventQueue-0 org.hibernate.loader.Loader - Loading collection: [ee.ut.math.tvt.salessystem.domain.data.Order.soldItems#3] [2013-11-11 21:06:40,526]
DEBUG AWT-EventQueue-0 org.hibernate.SQL - select solditems0_.SALE_ID as SALE6_1_1_, solditems0_.ID as ID2_1_, solditems0_.ID as ID2_0_, solditems0_.STOCKITEM_ID as STOCKITEM2_2_0_, solditems0_.NAME as NAME2_0_, solditems0_.SALE_ID as SALE6_2_0_, solditems0_.ITEMPRICE as ITEMPRICE2_0_, solditems0_.QUANTITY as QUANTITY2_0_ from SOLDITEM solditems0_ where solditems0_.SALE_ID=? [2013-11-11 21:06:40,527]
DEBUG AWT-EventQueue-0 org.hibernate.loader.Loader - Result set contains (possibly empty) collection: [ee.ut.math.tvt.salessystem.domain.data.Order.soldItems#3] [2013-11-11 21:06:40,528]
DEBUG AWT-EventQueue-0 org.hibernate.loader.Loader - Result set row: 0 [2013-11-11 21:06:40,528]
DEBUG AWT-EventQueue-0 org.hibernate.loader.Loader - Result row: EntityKey[ee.ut.math.tvt.salessystem.domain.data.SoldItem#4] [2013-11-11 21:06:40,528]
DEBUG AWT-EventQueue-0 org.hibernate.loader.Loader - Found row of collection: [ee.ut.math.tvt.salessystem.domain.data.Order.soldItems#3] [2013-11-11 21:06:40,529]
DEBUG AWT-EventQueue-0 org.hibernate.loader.Loader - Result set row: 1 [2013-11-11 21:06:40,529]
DEBUG AWT-EventQueue-0 org.hibernate.loader.Loader - Result row: EntityKey[ee.ut.math.tvt.salessystem.domain.data.SoldItem#5] [2013-11-11 21:06:40,529]
DEBUG AWT-EventQueue-0 org.hibernate.loader.Loader - Found row of collection: [ee.ut.math.tvt.salessystem.domain.data.Order.soldItems#3] [2013-11-11 21:06:40,530]
DEBUG AWT-EventQueue-0 org.hibernate.loader.Loader - Result set row: 2 [2013-11-11 21:06:40,530]
DEBUG AWT-EventQueue-0 org.hibernate.loader.Loader - Result row: EntityKey[ee.ut.math.tvt.salessystem.domain.data.SoldItem#6] [2013-11-11 21:06:40,530]
DEBUG AWT-EventQueue-0 org.hibernate.loader.Loader - Found row of collection: [ee.ut.math.tvt.salessystem.domain.data.Order.soldItems#3] [2013-11-11 21:06:40,530]
DEBUG AWT-EventQueue-0 org.hibernate.engine.internal.TwoPhaseLoad - Resolving associations for [ee.ut.math.tvt.salessystem.domain.data.SoldItem#4] [2013-11-11 21:06:40,531]
DEBUG AWT-EventQueue-0 org.hibernate.engine.internal.TwoPhaseLoad - Done materializing entity [ee.ut.math.tvt.salessystem.domain.data.SoldItem#4] [2013-11-11 21:06:40,531]
DEBUG AWT-EventQueue-0 org.hibernate.engine.internal.TwoPhaseLoad - Resolving associations for [ee.ut.math.tvt.salessystem.domain.data.SoldItem#5] [2013-11-11 21:06:40,531]
DEBUG AWT-EventQueue-0 org.hibernate.engine.internal.TwoPhaseLoad - Done materializing entity [ee.ut.math.tvt.salessystem.domain.data.SoldItem#5] [2013-11-11 21:06:40,532]
DEBUG AWT-EventQueue-0 org.hibernate.engine.internal.TwoPhaseLoad - Resolving associations for [ee.ut.math.tvt.salessystem.domain.data.SoldItem#6] [2013-11-11 21:06:40,532]
DEBUG AWT-EventQueue-0 org.hibernate.engine.internal.TwoPhaseLoad - Done materializing entity [ee.ut.math.tvt.salessystem.domain.data.SoldItem#6] [2013-11-11 21:06:40,532]
DEBUG AWT-EventQueue-0 org.hibernate.engine.loading.internal.CollectionLoadContext - 1 collections were found in result set for role: ee.ut.math.tvt.salessystem.domain.data.Order.soldItems [2013-11-11 21:06:40,532]
DEBUG AWT-EventQueue-0 org.hibernate.engine.loading.internal.CollectionLoadContext - Collection fully initialized: [ee.ut.math.tvt.salessystem.domain.data.Order.soldItems#3] [2013-11-11 21:06:40,533]
DEBUG AWT-EventQueue-0 org.hibernate.engine.loading.internal.CollectionLoadContext - 1 collections initialized for role: ee.ut.math.tvt.salessystem.domain.data.Order.soldItems [2013-11-11 21:06:40,533]
DEBUG AWT-EventQueue-0 org.hibernate.engine.internal.StatefulPersistenceContext - Initializing non-lazy collections [2013-11-11 21:06:40,533]
DEBUG AWT-EventQueue-0 org.hibernate.loader.Loader - Done loading collection [2013-11-11 21:06:40,533]
DEBUG AWT-EventQueue-0 org.hibernate.loader.Loader - Loading collection: [ee.ut.math.tvt.salessystem.domain.data.Order.soldItems#4] [2013-11-11 21:06:40,534]
DEBUG AWT-EventQueue-0 org.hibernate.SQL - select solditems0_.SALE_ID as SALE6_1_1_, solditems0_.ID as ID2_1_, solditems0_.ID as ID2_0_, solditems0_.STOCKITEM_ID as STOCKITEM2_2_0_, solditems0_.NAME as NAME2_0_, solditems0_.SALE_ID as SALE6_2_0_, solditems0_.ITEMPRICE as ITEMPRICE2_0_, solditems0_.QUANTITY as QUANTITY2_0_ from SOLDITEM solditems0_ where solditems0_.SALE_ID=? [2013-11-11 21:06:40,535]
DEBUG AWT-EventQueue-0 org.hibernate.loader.Loader - Result set contains (possibly empty) collection: [ee.ut.math.tvt.salessystem.domain.data.Order.soldItems#4] [2013-11-11 21:06:40,536]
DEBUG AWT-EventQueue-0 org.hibernate.loader.Loader - Result set row: 0 [2013-11-11 21:06:40,536]
DEBUG AWT-EventQueue-0 org.hibernate.loader.Loader - Result row: EntityKey[ee.ut.math.tvt.salessystem.domain.data.SoldItem#7] [2013-11-11 21:06:40,536]
DEBUG AWT-EventQueue-0 org.hibernate.loader.Loader - Found row of collection: [ee.ut.math.tvt.salessystem.domain.data.Order.soldItems#4] [2013-11-11 21:06:40,537]
DEBUG AWT-EventQueue-0 org.hibernate.engine.internal.TwoPhaseLoad - Resolving associations for [ee.ut.math.tvt.salessystem.domain.data.SoldItem#7] [2013-11-11 21:06:40,537]
DEBUG AWT-EventQueue-0 org.hibernate.engine.internal.TwoPhaseLoad - Done materializing entity [ee.ut.math.tvt.salessystem.domain.data.SoldItem#7] [2013-11-11 21:06:40,538]
DEBUG AWT-EventQueue-0 org.hibernate.engine.loading.internal.CollectionLoadContext - 1 collections were found in result set for role: ee.ut.math.tvt.salessystem.domain.data.Order.soldItems [2013-11-11 21:06:40,538]
DEBUG AWT-EventQueue-0 org.hibernate.engine.loading.internal.CollectionLoadContext - Collection fully initialized: [ee.ut.math.tvt.salessystem.domain.data.Order.soldItems#4] [2013-11-11 21:06:40,538]
DEBUG AWT-EventQueue-0 org.hibernate.engine.loading.internal.CollectionLoadContext - 1 collections initialized for role: ee.ut.math.tvt.salessystem.domain.data.Order.soldItems [2013-11-11 21:06:40,538]
DEBUG AWT-EventQueue-0 org.hibernate.engine.internal.StatefulPersistenceContext - Initializing non-lazy collections [2013-11-11 21:06:40,538]
DEBUG AWT-EventQueue-0 org.hibernate.loader.Loader - Done loading collection [2013-11-11 21:06:40,538]
DEBUG AWT-EventQueue-0 org.hibernate.loader.Loader - Loading collection: [ee.ut.math.tvt.salessystem.domain.data.Order.soldItems#5] [2013-11-11 21:06:40,539]
DEBUG AWT-EventQueue-0 org.hibernate.SQL - select solditems0_.SALE_ID as SALE6_1_1_, solditems0_.ID as ID2_1_, solditems0_.ID as ID2_0_, solditems0_.STOCKITEM_ID as STOCKITEM2_2_0_, solditems0_.NAME as NAME2_0_, solditems0_.SALE_ID as SALE6_2_0_, solditems0_.ITEMPRICE as ITEMPRICE2_0_, solditems0_.QUANTITY as QUANTITY2_0_ from SOLDITEM solditems0_ where solditems0_.SALE_ID=? [2013-11-11 21:06:40,540]
DEBUG AWT-EventQueue-0 org.hibernate.loader.Loader - Result set contains (possibly empty) collection: [ee.ut.math.tvt.salessystem.domain.data.Order.soldItems#5] [2013-11-11 21:06:40,541]
DEBUG AWT-EventQueue-0 org.hibernate.loader.Loader - Result set row: 0 [2013-11-11 21:06:40,541]
DEBUG AWT-EventQueue-0 org.hibernate.loader.Loader - Result row: EntityKey[ee.ut.math.tvt.salessystem.domain.data.SoldItem#8] [2013-11-11 21:06:40,542]
DEBUG AWT-EventQueue-0 org.hibernate.loader.Loader - Found row of collection: [ee.ut.math.tvt.salessystem.domain.data.Order.soldItems#5] [2013-11-11 21:06:40,542]
DEBUG AWT-EventQueue-0 org.hibernate.loader.Loader - Result set row: 1 [2013-11-11 21:06:40,542]
DEBUG AWT-EventQueue-0 org.hibernate.loader.Loader - Result row: EntityKey[ee.ut.math.tvt.salessystem.domain.data.SoldItem#9] [2013-11-11 21:06:40,542]
DEBUG AWT-EventQueue-0 org.hibernate.loader.Loader - Found row of collection: [ee.ut.math.tvt.salessystem.domain.data.Order.soldItems#5] [2013-11-11 21:06:40,543]
DEBUG AWT-EventQueue-0 org.hibernate.loader.Loader - Result set row: 2 [2013-11-11 21:06:40,543]
DEBUG AWT-EventQueue-0 org.hibernate.loader.Loader - Result row: EntityKey[ee.ut.math.tvt.salessystem.domain.data.SoldItem#10] [2013-11-11 21:06:40,543]
DEBUG AWT-EventQueue-0 org.hibernate.loader.Loader - Found row of collection: [ee.ut.math.tvt.salessystem.domain.data.Order.soldItems#5] [2013-11-11 21:06:40,544]
DEBUG AWT-EventQueue-0 org.hibernate.engine.internal.TwoPhaseLoad - Resolving associations for [ee.ut.math.tvt.salessystem.domain.data.SoldItem#8] [2013-11-11 21:06:40,544]
DEBUG AWT-EventQueue-0 org.hibernate.engine.internal.TwoPhaseLoad - Done materializing entity [ee.ut.math.tvt.salessystem.domain.data.SoldItem#8] [2013-11-11 21:06:40,544]
DEBUG AWT-EventQueue-0 org.hibernate.engine.internal.TwoPhaseLoad - Resolving associations for [ee.ut.math.tvt.salessystem.domain.data.SoldItem#9] [2013-11-11 21:06:40,544]
DEBUG AWT-EventQueue-0 org.hibernate.engine.internal.TwoPhaseLoad - Done materializing entity [ee.ut.math.tvt.salessystem.domain.data.SoldItem#9] [2013-11-11 21:06:40,545]
DEBUG AWT-EventQueue-0 org.hibernate.engine.internal.TwoPhaseLoad - Resolving associations for [ee.ut.math.tvt.salessystem.domain.data.SoldItem#10] [2013-11-11 21:06:40,545]
DEBUG AWT-EventQueue-0 org.hibernate.engine.internal.TwoPhaseLoad - Done materializing entity [ee.ut.math.tvt.salessystem.domain.data.SoldItem#10] [2013-11-11 21:06:40,545]
DEBUG AWT-EventQueue-0 org.hibernate.engine.loading.internal.CollectionLoadContext - 1 collections were found in result set for role: ee.ut.math.tvt.salessystem.domain.data.Order.soldItems [2013-11-11 21:06:40,545]
DEBUG AWT-EventQueue-0 org.hibernate.engine.loading.internal.CollectionLoadContext - Collection fully initialized: [ee.ut.math.tvt.salessystem.domain.data.Order.soldItems#5] [2013-11-11 21:06:40,545]
DEBUG AWT-EventQueue-0 org.hibernate.engine.loading.internal.CollectionLoadContext - 1 collections initialized for role: ee.ut.math.tvt.salessystem.domain.data.Order.soldItems [2013-11-11 21:06:40,546]
DEBUG AWT-EventQueue-0 org.hibernate.engine.internal.StatefulPersistenceContext - Initializing non-lazy collections [2013-11-11 21:06:40,546]
DEBUG AWT-EventQueue-0 org.hibernate.loader.Loader - Done loading collection [2013-11-11 21:06:40,546]
