/*C3*/SET SCHEMA PUBLIC
CONNECT USER SA
SET AUTOCOMMIT FALSE
INSERT INTO SALE VALUES(14,'2013-11-24 14:09:16.400000000',1)
INSERT INTO SOLDITEM VALUES(19,14,2,'\u00d5lle vorstikesed',1,15.0)
DELETE FROM STOCKITEM WHERE ID=2
INSERT INTO STOCKITEM VALUES(2,'\u00d5lle vorstikesed',15.0,41,NULL)
COMMIT
DISCONNECT
/*C4*/SET SCHEMA PUBLIC
CONNECT USER SA
SET AUTOCOMMIT FALSE
INSERT INTO SALE VALUES(15,'2013-11-24 21:07:37.554000000',1)
INSERT INTO SOLDITEM VALUES(20,15,5,'kohv',1,19.0)
INSERT INTO SOLDITEM VALUES(21,15,1,'Layz kr\u00f5psud',1,10.5)
INSERT INTO SOLDITEM VALUES(22,15,4,'K\u00f5rsikud ',1,7.0)
DELETE FROM STOCKITEM WHERE ID=1
INSERT INTO STOCKITEM VALUES(1,'Layz kr\u00f5psud',10.5,95,NULL)
DELETE FROM STOCKITEM WHERE ID=4
INSERT INTO STOCKITEM VALUES(4,'K\u00f5rsikud ',7.0,29,NULL)
DELETE FROM STOCKITEM WHERE ID=5
INSERT INTO STOCKITEM VALUES(5,'kohv',19.0,19,'')
COMMIT
DISCONNECT
